TN:
SF:/home/krishna-inc-5836/Downloads/Task_2/Code/infusion_pump/include/infusion/ConstantRateMode.hpp
FNF:0
FNH:0
LF:0
LH:0
end_of_record
TN:
SF:/home/krishna-inc-5836/Downloads/Task_2/Code/infusion_pump/include/infusion/InfusionMode.hpp
FN:71,71,_ZN12InfusionMode13onCheckAlarmsEv
FNDA:23,_ZN12InfusionMode13onCheckAlarmsEv
FNF:1
FNH:1
DA:71,23
LF:1
LH:1
end_of_record
TN:
SF:/home/krishna-inc-5836/Downloads/Task_2/Code/infusion_pump/include/infusion/LinearRampMode.hpp
FNF:0
FNH:0
LF:0
LH:0
end_of_record
TN:
SF:/home/krishna-inc-5836/Downloads/Task_2/Code/infusion_pump/include/infusion/hal/IAlarmObserver.hpp
FNF:0
FNH:0
LF:0
LH:0
end_of_record
TN:
SF:/home/krishna-inc-5836/Downloads/Task_2/Code/infusion_pump/include/infusion/hal/IEncoderDriver.hpp
FNF:0
FNH:0
LF:0
LH:0
end_of_record
TN:
SF:/home/krishna-inc-5836/Downloads/Task_2/Code/infusion_pump/include/infusion/hal/IPressureSensor.hpp
FNF:0
FNH:0
LF:0
LH:0
end_of_record
TN:
SF:/home/krishna-inc-5836/Downloads/Task_2/Code/infusion_pump/include/infusion/hal/IStepperDriver.hpp
FNF:0
FNH:0
LF:0
LH:0
end_of_record
TN:
SF:/home/krishna-inc-5836/Downloads/Task_2/Code/infusion_pump/src/ConstantRateMode.cpp
FN:17,19,_ZN16ConstantRateMode17computeTargetRateEv
FN:22,24,_ZN16ConstantRateMode7setRateEf
FN:26,28,_ZNK16ConstantRateMode7getRateEv
FN:4,12,_ZN16ConstantRateModeC2ER14IStepperDriverR14IEncoderDriverR13VolumeTrackerR16OcclusionMonitorjf
FNDA:26,_ZN16ConstantRateMode17computeTargetRateEv
FNDA:1,_ZN16ConstantRateMode7setRateEf
FNDA:2,_ZNK16ConstantRateMode7getRateEv
FNDA:34,_ZN16ConstantRateModeC2ER14IStepperDriverR14IEncoderDriverR13VolumeTrackerR16OcclusionMonitorjf
FNF:4
FNH:4
DA:4,34
DA:9,34
DA:11,34
DA:12,34
DA:17,26
DA:18,26
DA:22,1
DA:23,1
DA:24,1
DA:26,2
DA:27,2
LF:11
LH:11
end_of_record
TN:
SF:/home/krishna-inc-5836/Downloads/Task_2/Code/infusion_pump/src/InfusionMode.cpp
FN:105,109,_ZN12InfusionMode5pauseEv
FN:111,115,_ZN12InfusionMode6resumeEv
FN:12,23,_ZN12InfusionModeC2ER14IStepperDriverR14IEncoderDriverR13VolumeTrackerR16OcclusionMonitorj
FN:121,125,_ZN12InfusionMode10switchModeEPS_
FN:128,128,_ZNK12InfusionMode9isRunningEv
FN:129,129,_ZNK12InfusionMode10isCompleteEv
FN:130,130,_ZNK12InfusionMode14stepIntervalUsEv
FN:135,143,_ZN12InfusionMode9applyRateEf
FN:148,164,_ZN12InfusionMode11checkAlarmsEv
FN:169,169,_ZN12InfusionMode11advanceTimeEj
FN:29,47,_ZN12InfusionMode3runEv
FN:62,83,_ZN12InfusionMode4tickEv
FN:86,97,_ZN12InfusionMode5startEv
FN:99,103,_ZN12InfusionMode4stopEv
FNDA:2,_ZN12InfusionMode5pauseEv
FNDA:3,_ZN12InfusionMode6resumeEv
FNDA:52,_ZN12InfusionModeC2ER14IStepperDriverR14IEncoderDriverR13VolumeTrackerR16OcclusionMonitorj
FNDA:3,_ZN12InfusionMode10switchModeEPS_
FNDA:14,_ZNK12InfusionMode9isRunningEv
FNDA:7,_ZNK12InfusionMode10isCompleteEv
FNDA:16,_ZNK12InfusionMode14stepIntervalUsEv
FNDA:23,_ZN12InfusionMode9applyRateEf
FNDA:23,_ZN12InfusionMode11checkAlarmsEv
FNDA:229,_ZN12InfusionMode11advanceTimeEj
FNDA:26,_ZN12InfusionMode3runEv
FNDA:231,_ZN12InfusionMode4tickEv
FNDA:29,_ZN12InfusionMode5startEv
FNDA:3,_ZN12InfusionMode4stopEv
FNF:14
FNH:14
BRDA:63,0,0,230
BRDA:63,0,1,1
BRDA:63,0,2,1
BRDA:63,0,3,229
BRDA:68,0,0,101
BRDA:68,0,1,128
BRDA:74,0,0,228
BRDA:74,0,1,1
BRDA:76,0,0,1
BRDA:76,0,1,227
BRDA:122,0,0,2
BRDA:122,0,1,1
BRDA:136,0,0,1
BRDA:136,0,1,22
BRDA:140,0,0,2
BRDA:140,0,1,20
BRDA:141,0,0,2
BRDA:141,0,1,20
BRDA:150,0,0,3
BRDA:150,0,1,20
BRDA:157,0,0,1
BRDA:157,0,1,22
BRF:22
BRH:22
DA:12,52
DA:16,52
DA:17,52
DA:18,52
DA:19,52
DA:20,52
DA:21,52
DA:22,52
DA:23,52
DA:29,26
DA:30,26
DA:40,23
DA:43,23
DA:46,23
DA:62,231
DA:63,231
DA:65,229
DA:66,229
DA:68,229
DA:69,101
DA:71,128
DA:74,229
DA:75,228
DA:76,228
DA:77,1
DA:78,1
DA:82,229
DA:86,29
DA:88,29
DA:89,29
DA:90,29
DA:91,29
DA:92,29
DA:93,29
DA:94,29
DA:95,29
DA:96,29
DA:97,29
DA:99,3
DA:101,3
DA:102,3
DA:103,3
DA:105,2
DA:107,2
DA:108,2
DA:109,2
DA:111,3
DA:113,3
DA:114,3
DA:115,3
DA:121,3
DA:122,3
DA:123,2
DA:125,3
DA:128,14
DA:129,7
DA:130,16
DA:135,23
DA:136,23
DA:137,1
DA:138,1
DA:140,22
DA:141,22
DA:142,22
DA:148,23
DA:150,23
DA:151,3
DA:152,3
DA:153,3
DA:157,23
DA:158,1
DA:159,1
DA:163,23
DA:164,23
DA:169,229
LF:75
LH:75
end_of_record
TN:
SF:/home/krishna-inc-5836/Downloads/Task_2/Code/infusion_pump/src/LinearRampMode.cpp
FN:27,40,_ZN14LinearRampMode17computeTargetRateEv
FN:4,17,_ZN14LinearRampModeC2ER14IStepperDriverR14IEncoderDriverR13VolumeTrackerR16OcclusionMonitorjffj
FN:46,53,_ZN14LinearRampMode11advanceTimeEj
FN:56,59,_ZN14LinearRampMode9resetRampEv
FN:61,61,_ZNK14LinearRampMode11currentRateEv
FN:62,62,_ZNK14LinearRampMode9startRateEv
FN:63,63,_ZNK14LinearRampMode10targetRateEv
FN:64,64,_ZNK14LinearRampMode12rampCompleteEv
FN:65,65,_ZNK14LinearRampMode9elapsedUsEv
FN:67,69,_ZN14LinearRampMode9advanceUsEj
FNDA:10,_ZN14LinearRampMode17computeTargetRateEv
FNDA:18,_ZN14LinearRampModeC2ER14IStepperDriverR14IEncoderDriverR13VolumeTrackerR16OcclusionMonitorjffj
FNDA:11,_ZN14LinearRampMode11advanceTimeEj
FNDA:1,_ZN14LinearRampMode9resetRampEv
FNDA:1,_ZNK14LinearRampMode11currentRateEv
FNDA:1,_ZNK14LinearRampMode9startRateEv
FNDA:1,_ZNK14LinearRampMode10targetRateEv
FNDA:2,_ZNK14LinearRampMode12rampCompleteEv
FNDA:4,_ZNK14LinearRampMode9elapsedUsEv
FNDA:11,_ZN14LinearRampMode9advanceUsEj
FNF:10
FNH:10
BRDA:28,0,0,8
BRDA:28,0,1,2
BRDA:28,0,2,3
BRDA:28,0,3,5
BRDA:47,0,0,10
BRDA:47,0,1,1
BRDA:49,0,0,2
BRDA:49,0,1,8
BRF:8
BRH:8
DA:4,18
DA:11,18
DA:13,18
DA:14,18
DA:15,18
DA:16,18
DA:17,18
DA:27,10
DA:28,10
DA:29,5
DA:30,5
DA:33,5
DA:34,5
DA:36,5
DA:37,5
DA:39,5
DA:46,11
DA:47,11
DA:48,10
DA:49,10
DA:50,2
DA:53,11
DA:56,1
DA:57,1
DA:58,1
DA:59,1
DA:61,1
DA:62,1
DA:63,1
DA:64,2
DA:65,4
DA:67,11
DA:68,11
DA:69,11
LF:34
LH:34
end_of_record
TN:
SF:/home/krishna-inc-5836/Downloads/Task_2/Code/infusion_pump/src/OcclusionMonitor.cpp
FN:13,19,_ZN16OcclusionMonitor16registerObserverEP14IAlarmObserver
FN:28,49,_ZN16OcclusionMonitor4pollEv
FN:4,10,_ZN16OcclusionMonitorC2ER15IPressureSensorj
FN:52,56,_ZN16OcclusionMonitor13resetBaselineEv
FN:59,61,_ZNK16OcclusionMonitor10isOccludedEv
FN:63,65,_ZNK16OcclusionMonitor11baselineHPaEv
FN:67,69,_ZNK16OcclusionMonitor15lastPressureHPaEv
FN:71,73,_ZNK16OcclusionMonitor13observerCountEv
FN:76,81,_ZN16OcclusionMonitor10raiseAlarmEv
FN:83,88,_ZN16OcclusionMonitor10clearAlarmEv
FNDA:67,_ZN16OcclusionMonitor16registerObserverEP14IAlarmObserver
FNDA:80,_ZN16OcclusionMonitor4pollEv
FNDA:66,_ZN16OcclusionMonitorC2ER15IPressureSensorj
FNDA:30,_ZN16OcclusionMonitor13resetBaselineEv
FNDA:36,_ZNK16OcclusionMonitor10isOccludedEv
FNDA:3,_ZNK16OcclusionMonitor11baselineHPaEv
FNDA:2,_ZNK16OcclusionMonitor15lastPressureHPaEv
FNDA:4,_ZNK16OcclusionMonitor13observerCountEv
FNDA:10,_ZN16OcclusionMonitor10raiseAlarmEv
FNDA:1,_ZN16OcclusionMonitor10clearAlarmEv
FNF:10
FNH:10
BRDA:14,0,0,66
BRDA:14,0,1,1
BRDA:14,0,2,1
BRDA:14,0,3,65
BRDA:29,0,0,1
BRDA:29,0,1,79
BRDA:35,0,0,35
BRDA:35,0,1,44
BRDA:44,0,0,14
BRDA:44,0,1,30
BRDA:44,0,2,10
BRDA:44,0,3,4
BRDA:46,0,0,30
BRDA:46,0,1,4
BRDA:46,0,2,1
BRDA:46,0,3,29
BRDA:78,0,0,11
BRDA:78,0,1,10
BRDA:85,0,0,1
BRDA:85,0,1,1
BRF:20
BRH:20
DA:4,66
DA:5,66
DA:6,66
DA:7,66
DA:9,66
DA:10,66
DA:13,67
DA:14,67
DA:15,2
DA:17,65
DA:18,65
DA:28,80
DA:29,80
DA:30,1
DA:33,79
DA:35,79
DA:36,35
DA:37,35
DA:38,35
DA:41,44
DA:42,44
DA:44,44
DA:45,10
DA:46,34
DA:47,1
DA:52,30
DA:53,30
DA:54,30
DA:55,30
DA:56,30
DA:59,36
DA:60,36
DA:63,3
DA:64,3
DA:67,2
DA:68,2
DA:71,4
DA:72,4
DA:76,10
DA:77,10
DA:78,21
DA:79,11
DA:81,10
DA:83,1
DA:84,1
DA:85,2
DA:86,1
DA:88,1
LF:48
LH:48
end_of_record
TN:
SF:/home/krishna-inc-5836/Downloads/Task_2/Code/infusion_pump/src/VolumeTracker.cpp
FN:13,15,_ZNK13VolumeTracker8volumeULEv
FN:17,19,_ZNK13VolumeTracker9tickCountEv
FN:3,6,_ZN13VolumeTracker8addTicksEj
FN:8,11,_ZN13VolumeTracker5resetEv
FNDA:33,_ZNK13VolumeTracker8volumeULEv
FNDA:6,_ZNK13VolumeTracker9tickCountEv
FNDA:140,_ZN13VolumeTracker8addTicksEj
FNDA:80,_ZN13VolumeTracker5resetEv
FNF:4
FNH:4
DA:3,140
DA:4,140
DA:5,140
DA:6,140
DA:8,80
DA:9,80
DA:10,80
DA:11,80
DA:13,33
DA:14,33
DA:17,6
DA:18,6
LF:12
LH:12
end_of_record
TN:
SF:/home/krishna-inc-5836/Downloads/Task_2/Code/infusion_pump/tests/stubs/AlarmObserverStub.hpp
FN:10,13,_ZN17AlarmObserverStub7onAlarmE9AlarmType
FN:14,17,_ZN17AlarmObserverStub14onAlarmClearedE9AlarmType
FN:18,18,_ZNK17AlarmObserverStub10raiseCountEv
FN:19,19,_ZNK17AlarmObserverStub10clearCountEv
FN:20,20,_ZNK17AlarmObserverStub10lastRaisedEv
FN:21,21,_ZNK17AlarmObserverStub11lastClearedEv
FN:22,26,_ZN17AlarmObserverStub5resetEv
FNDA:11,_ZN17AlarmObserverStub7onAlarmE9AlarmType
FNDA:1,_ZN17AlarmObserverStub14onAlarmClearedE9AlarmType
FNDA:8,_ZNK17AlarmObserverStub10raiseCountEv
FNDA:1,_ZNK17AlarmObserverStub10clearCountEv
FNDA:1,_ZNK17AlarmObserverStub10lastRaisedEv
FNDA:1,_ZNK17AlarmObserverStub11lastClearedEv
FNDA:129,_ZN17AlarmObserverStub5resetEv
FNF:7
FNH:7
BRDA:11,0,0,11
BRDA:11,0,1,0
BRDA:15,0,0,1
BRDA:15,0,1,0
BRF:4
BRH:2
DA:10,11
DA:11,11
DA:12,11
DA:13,11
DA:14,1
DA:15,1
DA:16,1
DA:17,1
DA:18,8
DA:19,1
DA:20,1
DA:21,1
DA:22,129
DA:23,129
DA:24,129
DA:25,129
DA:26,129
LF:17
LH:17
end_of_record
TN:
SF:/home/krishna-inc-5836/Downloads/Task_2/Code/infusion_pump/tests/stubs/EncoderDriverStub.hpp
FN:10,10,_ZN17EncoderDriverStub5resetEv
FN:6,6,_ZN17EncoderDriverStub8getTicksEv
FN:7,7,_ZN17EncoderDriverStub10resetTicksEv
FN:8,8,_ZN17EncoderDriverStub8addTicksEj
FNDA:49,_ZN17EncoderDriverStub5resetEv
FNDA:230,_ZN17EncoderDriverStub8getTicksEv
FNDA:258,_ZN17EncoderDriverStub10resetTicksEv
FNDA:3,_ZN17EncoderDriverStub8addTicksEj
FNF:4
FNH:4
DA:6,230
DA:7,258
DA:8,3
DA:10,49
LF:4
LH:4
end_of_record
TN:
SF:/home/krishna-inc-5836/Downloads/Task_2/Code/infusion_pump/tests/stubs/PressureSensorStub.hpp
FN:10,10,_ZN18PressureSensorStub8setReadyEb
FN:11,11,_ZN18PressureSensorStub5resetEv
FN:6,6,_ZNK18PressureSensorStub15readPressureHPaEv
FN:7,7,_ZNK18PressureSensorStub7isReadyEv
FN:9,9,_ZN18PressureSensorStub11setPressureEj
FNDA:1,_ZN18PressureSensorStub8setReadyEb
FNDA:65,_ZN18PressureSensorStub5resetEv
FNDA:79,_ZNK18PressureSensorStub15readPressureHPaEv
FNDA:80,_ZNK18PressureSensorStub7isReadyEv
FNDA:29,_ZN18PressureSensorStub11setPressureEj
FNF:5
FNH:5
DA:6,79
DA:7,80
DA:9,29
DA:10,1
DA:11,65
LF:5
LH:5
end_of_record
TN:
SF:/home/krishna-inc-5836/Downloads/Task_2/Code/infusion_pump/tests/stubs/StepperDriverStub.hpp
FN:10,10,_ZNK17StepperDriverStub12getStepCountEv
FN:11,11,_ZN17StepperDriverStub14resetStepCountEv
FN:13,13,_ZNK17StepperDriverStub9isEnabledEv
FN:16,18,_ZN17StepperDriverStub8resetAllEv
FN:6,6,_ZN17StepperDriverStub6enableEv
FN:7,7,_ZN17StepperDriverStub7disableEv
FN:8,8,_ZN17StepperDriverStub4stepEv
FN:9,9,_ZN17StepperDriverStub12setDirectionEb
FNDA:3,_ZNK17StepperDriverStub12getStepCountEv
FNDA:0,_ZN17StepperDriverStub14resetStepCountEv
FNDA:3,_ZNK17StepperDriverStub9isEnabledEv
FNDA:49,_ZN17StepperDriverStub8resetAllEv
FNDA:32,_ZN17StepperDriverStub6enableEv
FNDA:9,_ZN17StepperDriverStub7disableEv
FNDA:1,_ZN17StepperDriverStub4stepEv
FNDA:29,_ZN17StepperDriverStub12setDirectionEb
FNF:8
FNH:7
DA:6,32
DA:7,9
DA:8,1
DA:9,29
DA:10,3
DA:11,0
DA:13,3
DA:16,49
DA:17,49
DA:18,49
LF:10
LH:9
end_of_record
TN:
SF:/home/krishna-inc-5836/Downloads/Task_2/Code/infusion_pump/tests/test_InfusionMode.cpp
FN:110,121,_ZN68InfusionModeTest_Constant_FlowAccuracy_Within5Percent_At120mLhr_Test8TestBodyEv
FN:110,121,_ZN68InfusionModeTest_Constant_FlowAccuracy_Within5Percent_At120mLhr_TestC2Ev
FN:110,121,_ZN68InfusionModeTest_Constant_FlowAccuracy_Within5Percent_At120mLhr_TestD0Ev
FN:110,121,_ZN68InfusionModeTest_Constant_FlowAccuracy_Within5Percent_At120mLhr_TestD2Ev
FN:123,123,_ZN66InfusionModeTest_Constant_FlowAccuracy_Within5Percent_At1mLhr_Test8TestBodyEv
FN:123,123,_ZN66InfusionModeTest_Constant_FlowAccuracy_Within5Percent_At1mLhr_TestC2Ev
FN:123,123,_ZN66InfusionModeTest_Constant_FlowAccuracy_Within5Percent_At1mLhr_TestD0Ev
FN:123,123,_ZN66InfusionModeTest_Constant_FlowAccuracy_Within5Percent_At1mLhr_TestD2Ev
FN:135,135,_ZN68InfusionModeTest_Constant_FlowAccuracy_Within5Percent_At500mLhr_Test8TestBodyEv
FN:135,135,_ZN68InfusionModeTest_Constant_FlowAccuracy_Within5Percent_At500mLhr_TestC2Ev
FN:135,135,_ZN68InfusionModeTest_Constant_FlowAccuracy_Within5Percent_At500mLhr_TestD0Ev
FN:135,135,_ZN68InfusionModeTest_Constant_FlowAccuracy_Within5Percent_At500mLhr_TestD2Ev
FN:148,148,_ZN54InfusionModeTest_Constant_InitialState_NotRunning_Test8TestBodyEv
FN:148,148,_ZN54InfusionModeTest_Constant_InitialState_NotRunning_TestC2Ev
FN:148,148,_ZN54InfusionModeTest_Constant_InitialState_NotRunning_TestD0Ev
FN:148,148,_ZN54InfusionModeTest_Constant_InitialState_NotRunning_TestD2Ev
FN:154,154,_ZN46InfusionModeTest_Constant_Start_IsRunning_Test8TestBodyEv
FN:154,154,_ZN46InfusionModeTest_Constant_Start_IsRunning_TestC2Ev
FN:154,154,_ZN46InfusionModeTest_Constant_Start_IsRunning_TestD0Ev
FN:154,154,_ZN46InfusionModeTest_Constant_Start_IsRunning_TestD2Ev
FN:161,161,_ZN46InfusionModeTest_Constant_Stop_NotRunning_Test8TestBodyEv
FN:161,161,_ZN46InfusionModeTest_Constant_Stop_NotRunning_TestC2Ev
FN:161,161,_ZN46InfusionModeTest_Constant_Stop_NotRunning_TestD0Ev
FN:161,161,_ZN46InfusionModeTest_Constant_Stop_NotRunning_TestD2Ev
FN:169,169,_ZN47InfusionModeTest_Constant_Pause_NotRunning_Test8TestBodyEv
FN:169,169,_ZN47InfusionModeTest_Constant_Pause_NotRunning_TestC2Ev
FN:169,169,_ZN47InfusionModeTest_Constant_Pause_NotRunning_TestD0Ev
FN:169,169,_ZN47InfusionModeTest_Constant_Pause_NotRunning_TestD2Ev
FN:176,176,_ZN47InfusionModeTest_Constant_Resume_IsRunning_Test8TestBodyEv
FN:176,176,_ZN47InfusionModeTest_Constant_Resume_IsRunning_TestC2Ev
FN:176,176,_ZN47InfusionModeTest_Constant_Resume_IsRunning_TestD0Ev
FN:176,176,_ZN47InfusionModeTest_Constant_Resume_IsRunning_TestD2Ev
FN:184,184,_ZN55InfusionModeTest_Constant_RunWhileStopped_NoEffect_Test8TestBodyEv
FN:184,184,_ZN55InfusionModeTest_Constant_RunWhileStopped_NoEffect_TestC2Ev
FN:184,184,_ZN55InfusionModeTest_Constant_RunWhileStopped_NoEffect_TestD0Ev
FN:184,184,_ZN55InfusionModeTest_Constant_RunWhileStopped_NoEffect_TestD2Ev
FN:205,205,_ZN54InfusionModeTest_Constant_Occlusion_StopsInfusion_Test8TestBodyEv
FN:205,205,_ZN54InfusionModeTest_Constant_Occlusion_StopsInfusion_TestC2Ev
FN:205,205,_ZN54InfusionModeTest_Constant_Occlusion_StopsInfusion_TestD0Ev
FN:205,205,_ZN54InfusionModeTest_Constant_Occlusion_StopsInfusion_TestD2Ev
FN:228,228,_ZN63InfusionModeTest_Ramp_ComputeRate_AtStart_ReturnsStartRate_Test8TestBodyEv
FN:228,228,_ZN63InfusionModeTest_Ramp_ComputeRate_AtStart_ReturnsStartRate_TestC2Ev
FN:228,228,_ZN63InfusionModeTest_Ramp_ComputeRate_AtStart_ReturnsStartRate_TestD0Ev
FN:228,228,_ZN63InfusionModeTest_Ramp_ComputeRate_AtStart_ReturnsStartRate_TestD2Ev
FN:233,233,_ZN62InfusionModeTest_Ramp_ComputeRate_AtEnd_ReturnsTargetRate_Test8TestBodyEv
FN:233,233,_ZN62InfusionModeTest_Ramp_ComputeRate_AtEnd_ReturnsTargetRate_TestC2Ev
FN:233,233,_ZN62InfusionModeTest_Ramp_ComputeRate_AtEnd_ReturnsTargetRate_TestD0Ev
FN:233,233,_ZN62InfusionModeTest_Ramp_ComputeRate_AtEnd_ReturnsTargetRate_TestD2Ev
FN:239,244,_ZN64InfusionModeTest_Ramp_ComputeRate_AtMidpoint_ReturnsMidRate_Test8TestBodyEv
FN:239,244,_ZN64InfusionModeTest_Ramp_ComputeRate_AtMidpoint_ReturnsMidRate_TestC2Ev
FN:239,244,_ZN64InfusionModeTest_Ramp_ComputeRate_AtMidpoint_ReturnsMidRate_TestD0Ev
FN:239,244,_ZN64InfusionModeTest_Ramp_ComputeRate_AtMidpoint_ReturnsMidRate_TestD2Ev
FN:246,251,_ZN67InfusionModeTest_Ramp_ComputeRate_AtQuarter_ReturnsQuarterRate_Test8TestBodyEv
FN:246,251,_ZN67InfusionModeTest_Ramp_ComputeRate_AtQuarter_ReturnsQuarterRate_TestC2Ev
FN:246,251,_ZN67InfusionModeTest_Ramp_ComputeRate_AtQuarter_ReturnsQuarterRate_TestD0Ev
FN:246,251,_ZN67InfusionModeTest_Ramp_ComputeRate_AtQuarter_ReturnsQuarterRate_TestD2Ev
FN:253,253,_ZN63InfusionModeTest_Ramp_ComputeRate_BeyondEnd_ClampsToTarget_Test8TestBodyEv
FN:253,253,_ZN63InfusionModeTest_Ramp_ComputeRate_BeyondEnd_ClampsToTarget_TestC2Ev
FN:253,253,_ZN63InfusionModeTest_Ramp_ComputeRate_BeyondEnd_ClampsToTarget_TestD0Ev
FN:253,253,_ZN63InfusionModeTest_Ramp_ComputeRate_BeyondEnd_ClampsToTarget_TestD2Ev
FN:259,259,_ZN64InfusionModeTest_Ramp_ZeroDuration_ReturnsTargetImmediately_Test8TestBodyEv
FN:259,259,_ZN64InfusionModeTest_Ramp_ZeroDuration_ReturnsTargetImmediately_TestC2Ev
FN:259,259,_ZN64InfusionModeTest_Ramp_ZeroDuration_ReturnsTargetImmediately_TestD0Ev
FN:259,259,_ZN64InfusionModeTest_Ramp_ZeroDuration_ReturnsTargetImmediately_TestD2Ev
FN:264,264,_ZN55InfusionModeTest_Ramp_RampComplete_False_Initially_Test8TestBodyEv
FN:264,264,_ZN55InfusionModeTest_Ramp_RampComplete_False_Initially_TestC2Ev
FN:264,264,_ZN55InfusionModeTest_Ramp_RampComplete_False_Initially_TestD0Ev
FN:264,264,_ZN55InfusionModeTest_Ramp_RampComplete_False_Initially_TestD2Ev
FN:269,269,_ZN62InfusionModeTest_Ramp_RampComplete_True_AfterFullDuration_Test8TestBodyEv
FN:269,269,_ZN62InfusionModeTest_Ramp_RampComplete_True_AfterFullDuration_TestC2Ev
FN:269,269,_ZN62InfusionModeTest_Ramp_RampComplete_True_AfterFullDuration_TestD0Ev
FN:269,269,_ZN62InfusionModeTest_Ramp_RampComplete_True_AfterFullDuration_TestD2Ev
FN:27,35,_ZN16InfusionModeTest5SetUpEv
FN:276,280,_ZN54InfusionModeTest_Ramp_ElapsedUs_AdvancesCorrectly_Test8TestBodyEv
FN:276,280,_ZN54InfusionModeTest_Ramp_ElapsedUs_AdvancesCorrectly_TestC2Ev
FN:276,280,_ZN54InfusionModeTest_Ramp_ElapsedUs_AdvancesCorrectly_TestD0Ev
FN:276,280,_ZN54InfusionModeTest_Ramp_ElapsedUs_AdvancesCorrectly_TestD2Ev
FN:282,286,_ZN54InfusionModeTest_Ramp_ElapsedUs_ClampedAtDuration_Test8TestBodyEv
FN:282,286,_ZN54InfusionModeTest_Ramp_ElapsedUs_ClampedAtDuration_TestC2Ev
FN:282,286,_ZN54InfusionModeTest_Ramp_ElapsedUs_ClampedAtDuration_TestD0Ev
FN:282,286,_ZN54InfusionModeTest_Ramp_ElapsedUs_ClampedAtDuration_TestD2Ev
FN:288,294,_ZN52InfusionModeTest_Ramp_ResetRamp_GoesBackToStart_Test8TestBodyEv
FN:288,294,_ZN52InfusionModeTest_Ramp_ResetRamp_GoesBackToStart_TestC2Ev
FN:288,294,_ZN52InfusionModeTest_Ramp_ResetRamp_GoesBackToStart_TestD0Ev
FN:288,294,_ZN52InfusionModeTest_Ramp_ResetRamp_GoesBackToStart_TestD2Ev
FN:296,299,_ZN47InfusionModeTest_Ramp_StartRate_Accessible_Test8TestBodyEv
FN:296,299,_ZN47InfusionModeTest_Ramp_StartRate_Accessible_TestC2Ev
FN:296,299,_ZN47InfusionModeTest_Ramp_StartRate_Accessible_TestD0Ev
FN:296,299,_ZN47InfusionModeTest_Ramp_StartRate_Accessible_TestD2Ev
FN:301,304,_ZN48InfusionModeTest_Ramp_TargetRate_Accessible_Test8TestBodyEv
FN:301,304,_ZN48InfusionModeTest_Ramp_TargetRate_Accessible_TestC2Ev
FN:301,304,_ZN48InfusionModeTest_Ramp_TargetRate_Accessible_TestD0Ev
FN:301,304,_ZN48InfusionModeTest_Ramp_TargetRate_Accessible_TestD2Ev
FN:309,309,_ZN57InfusionModeTest_ModeSwitch_ConstantToRamp_NoRestart_Test8TestBodyEv
FN:309,309,_ZN57InfusionModeTest_ModeSwitch_ConstantToRamp_NoRestart_TestC2Ev
FN:309,309,_ZN57InfusionModeTest_ModeSwitch_ConstantToRamp_NoRestart_TestD0Ev
FN:309,309,_ZN57InfusionModeTest_ModeSwitch_ConstantToRamp_NoRestart_TestD2Ev
FN:328,328,_ZN50InfusionModeTest_ModeSwitch_NullMode_NoChange_Test8TestBodyEv
FN:328,328,_ZN50InfusionModeTest_ModeSwitch_NullMode_NoChange_TestC2Ev
FN:328,328,_ZN50InfusionModeTest_ModeSwitch_NullMode_NoChange_TestD0Ev
FN:328,328,_ZN50InfusionModeTest_ModeSwitch_NullMode_NoChange_TestD2Ev
FN:337,337,_ZN57InfusionModeTest_ModeSwitch_RampToConstant_NoRestart_Test8TestBodyEv
FN:337,337,_ZN57InfusionModeTest_ModeSwitch_RampToConstant_NoRestart_TestC2Ev
FN:337,337,_ZN57InfusionModeTest_ModeSwitch_RampToConstant_NoRestart_TestD0Ev
FN:337,337,_ZN57InfusionModeTest_ModeSwitch_RampToConstant_NoRestart_TestD2Ev
FN:362,362,_ZN56InfusionModeTest_Constant_RateAboveMax_ClampedTo500_Test8TestBodyEv
FN:362,362,_ZN56InfusionModeTest_Constant_RateAboveMax_ClampedTo500_TestC2Ev
FN:362,362,_ZN56InfusionModeTest_Constant_RateAboveMax_ClampedTo500_TestD0Ev
FN:362,362,_ZN56InfusionModeTest_Constant_RateAboveMax_ClampedTo500_TestD2Ev
FN:37,40,_ZN16InfusionModeTest12makeConstantEfj
FN:396,396,_ZN54InfusionModeTest_Tick_WhenNotRunning_ReturnsEarly_Test8TestBodyEv
FN:396,396,_ZN54InfusionModeTest_Tick_WhenNotRunning_ReturnsEarly_TestC2Ev
FN:396,396,_ZN54InfusionModeTest_Tick_WhenNotRunning_ReturnsEarly_TestD0Ev
FN:396,396,_ZN54InfusionModeTest_Tick_WhenNotRunning_ReturnsEarly_TestD2Ev
FN:407,407,_ZN59InfusionModeTest_Tick_AccumulatesTimeAndFiresStepPulse_Test8TestBodyEv
FN:407,407,_ZN59InfusionModeTest_Tick_AccumulatesTimeAndFiresStepPulse_TestC2Ev
FN:407,407,_ZN59InfusionModeTest_Tick_AccumulatesTimeAndFiresStepPulse_TestD0Ev
FN:407,407,_ZN59InfusionModeTest_Tick_AccumulatesTimeAndFiresStepPulse_TestD2Ev
FN:42,47,_ZN16InfusionModeTest8makeRampEffjj
FN:425,425,_ZN67InfusionModeTest_Ramp_AdvanceTime_WhenRampAlreadyComplete_NoOp_Test8TestBodyEv
FN:425,425,_ZN67InfusionModeTest_Ramp_AdvanceTime_WhenRampAlreadyComplete_NoOp_TestC2Ev
FN:425,425,_ZN67InfusionModeTest_Ramp_AdvanceTime_WhenRampAlreadyComplete_NoOp_TestD0Ev
FN:425,425,_ZN67InfusionModeTest_Ramp_AdvanceTime_WhenRampAlreadyComplete_NoOp_TestD2Ev
FN:436,436,_ZN64InfusionModeTest_Ramp_CurrentRateGetter_ReturnsCorrectValue_Test8TestBodyEv
FN:436,436,_ZN64InfusionModeTest_Ramp_CurrentRateGetter_ReturnsCorrectValue_TestC2Ev
FN:436,436,_ZN64InfusionModeTest_Ramp_CurrentRateGetter_ReturnsCorrectValue_TestD0Ev
FN:436,436,_ZN64InfusionModeTest_Ramp_CurrentRateGetter_ReturnsCorrectValue_TestD2Ev
FN:441,441,_ZN59InfusionModeTest_Tick_WhenIntervalIsZero_SkipsStepping_Test8TestBodyEv
FN:441,441,_ZN59InfusionModeTest_Tick_WhenIntervalIsZero_SkipsStepping_TestC2Ev
FN:441,441,_ZN59InfusionModeTest_Tick_WhenIntervalIsZero_SkipsStepping_TestD0Ev
FN:441,441,_ZN59InfusionModeTest_Tick_WhenIntervalIsZero_SkipsStepping_TestD2Ev
FN:455,472,_ZN57InfusionModeTest_Constant_Complete_WhenVolumeReached_Test8TestBodyEv
FN:455,472,_ZN57InfusionModeTest_Constant_Complete_WhenVolumeReached_TestC2Ev
FN:455,472,_ZN57InfusionModeTest_Constant_Complete_WhenVolumeReached_TestD0Ev
FN:455,472,_ZN57InfusionModeTest_Constant_Complete_WhenVolumeReached_TestD2Ev
FN:477,477,_ZN54InfusionModeTest_Constant_RateBelowMin_ClampedTo1_Test8TestBodyEv
FN:477,477,_ZN54InfusionModeTest_Constant_RateBelowMin_ClampedTo1_TestC2Ev
FN:477,477,_ZN54InfusionModeTest_Constant_RateBelowMin_ClampedTo1_TestD0Ev
FN:477,477,_ZN54InfusionModeTest_Constant_RateBelowMin_ClampedTo1_TestD2Ev
FN:495,495,_ZN67InfusionModeTest_Run_WhenCompleteButForcedRunning_ReturnsEarly_Test8TestBodyEv
FN:495,495,_ZN67InfusionModeTest_Run_WhenCompleteButForcedRunning_ReturnsEarly_TestC2Ev
FN:495,495,_ZN67InfusionModeTest_Run_WhenCompleteButForcedRunning_ReturnsEarly_TestD0Ev
FN:495,495,_ZN67InfusionModeTest_Run_WhenCompleteButForcedRunning_ReturnsEarly_TestD2Ev
FN:522,522,_ZN62InfusionModeTest_Run_BranchCoverage_NotRunningButComplete_Test8TestBodyEv
FN:522,522,_ZN62InfusionModeTest_Run_BranchCoverage_NotRunningButComplete_TestC2Ev
FN:522,522,_ZN62InfusionModeTest_Run_BranchCoverage_NotRunningButComplete_TestD0Ev
FN:522,522,_ZN62InfusionModeTest_Run_BranchCoverage_NotRunningButComplete_TestD2Ev
FN:53,53,_ZN64InfusionModeTest_Constant_ComputeRate_ReturnsConfiguredRate_Test8TestBodyEv
FN:53,53,_ZN64InfusionModeTest_Constant_ComputeRate_ReturnsConfiguredRate_TestC2Ev
FN:53,53,_ZN64InfusionModeTest_Constant_ComputeRate_ReturnsConfiguredRate_TestD0Ev
FN:53,53,_ZN64InfusionModeTest_Constant_ComputeRate_ReturnsConfiguredRate_TestD2Ev
FN:537,537,_ZN70InfusionModeTest_ApplyRate_BranchCoverage_StrictlyLessThanMinRate_Test8TestBodyEv
FN:537,537,_ZN70InfusionModeTest_ApplyRate_BranchCoverage_StrictlyLessThanMinRate_TestC2Ev
FN:537,537,_ZN70InfusionModeTest_ApplyRate_BranchCoverage_StrictlyLessThanMinRate_TestD0Ev
FN:537,537,_ZN70InfusionModeTest_ApplyRate_BranchCoverage_StrictlyLessThanMinRate_TestD2Ev
FN:545,545,_ZN73InfusionModeTest_ApplyRate_BranchCoverage_StrictlyGreaterThanMaxRate_Test8TestBodyEv
FN:545,545,_ZN73InfusionModeTest_ApplyRate_BranchCoverage_StrictlyGreaterThanMaxRate_TestC2Ev
FN:545,545,_ZN73InfusionModeTest_ApplyRate_BranchCoverage_StrictlyGreaterThanMaxRate_TestD0Ev
FN:545,545,_ZN73InfusionModeTest_ApplyRate_BranchCoverage_StrictlyGreaterThanMaxRate_TestD2Ev
FN:553,553,_ZN64InfusionModeTest_ApplyRate_BranchCoverage_NominalNoClamping_Test8TestBodyEv
FN:553,553,_ZN64InfusionModeTest_ApplyRate_BranchCoverage_NominalNoClamping_TestC2Ev
FN:553,553,_ZN64InfusionModeTest_ApplyRate_BranchCoverage_NominalNoClamping_TestD0Ev
FN:553,553,_ZN64InfusionModeTest_ApplyRate_BranchCoverage_NominalNoClamping_TestD2Ev
FN:560,560,_ZN64InfusionModeTest_Ramp_BranchCoverage_ZeroDurationExplicitly_Test8TestBodyEv
FN:560,560,_ZN64InfusionModeTest_Ramp_BranchCoverage_ZeroDurationExplicitly_TestC2Ev
FN:560,560,_ZN64InfusionModeTest_Ramp_BranchCoverage_ZeroDurationExplicitly_TestD0Ev
FN:560,560,_ZN64InfusionModeTest_Ramp_BranchCoverage_ZeroDurationExplicitly_TestD2Ev
FN:569,595,_ZN66InfusionModeTest_Tick_BranchCoverage_ForcedRunningAndComplete_Test8TestBodyEv
FN:569,595,_ZN66InfusionModeTest_Tick_BranchCoverage_ForcedRunningAndComplete_TestC2Ev
FN:569,595,_ZN66InfusionModeTest_Tick_BranchCoverage_ForcedRunningAndComplete_TestD0Ev
FN:569,595,_ZN66InfusionModeTest_Tick_BranchCoverage_ForcedRunningAndComplete_TestD2Ev
FN:58,58,_ZN48InfusionModeTest_Constant_ComputeRate_1mLhr_Test8TestBodyEv
FN:58,58,_ZN48InfusionModeTest_Constant_ComputeRate_1mLhr_TestC2Ev
FN:58,58,_ZN48InfusionModeTest_Constant_ComputeRate_1mLhr_TestD0Ev
FN:58,58,_ZN48InfusionModeTest_Constant_ComputeRate_1mLhr_TestD2Ev
FN:63,63,_ZN50InfusionModeTest_Constant_ComputeRate_500mLhr_Test8TestBodyEv
FN:63,63,_ZN50InfusionModeTest_Constant_ComputeRate_500mLhr_TestC2Ev
FN:63,63,_ZN50InfusionModeTest_Constant_ComputeRate_500mLhr_TestD0Ev
FN:63,63,_ZN50InfusionModeTest_Constant_ComputeRate_500mLhr_TestD2Ev
FN:68,68,_ZN56InfusionModeTest_Constant_SetRate_UpdatesOnNextCall_Test8TestBodyEv
FN:68,68,_ZN56InfusionModeTest_Constant_SetRate_UpdatesOnNextCall_TestC2Ev
FN:68,68,_ZN56InfusionModeTest_Constant_SetRate_UpdatesOnNextCall_TestD0Ev
FN:68,68,_ZN56InfusionModeTest_Constant_SetRate_UpdatesOnNextCall_TestD2Ev
FN:75,75,_ZN56InfusionModeTest_Constant_GetRate_ReturnsConfigured_Test8TestBodyEv
FN:75,75,_ZN56InfusionModeTest_Constant_GetRate_ReturnsConfigured_TestC2Ev
FN:75,75,_ZN56InfusionModeTest_Constant_GetRate_ReturnsConfigured_TestD0Ev
FN:75,75,_ZN56InfusionModeTest_Constant_GetRate_ReturnsConfigured_TestD2Ev
FN:82,82,_ZN53InfusionModeTest_Constant_StepInterval_At120mLhr_Test8TestBodyEv
FN:82,82,_ZN53InfusionModeTest_Constant_StepInterval_At120mLhr_TestC2Ev
FN:82,82,_ZN53InfusionModeTest_Constant_StepInterval_At120mLhr_TestD0Ev
FN:82,82,_ZN53InfusionModeTest_Constant_StepInterval_At120mLhr_TestD2Ev
FN:90,90,_ZN51InfusionModeTest_Constant_StepInterval_At1mLhr_Test8TestBodyEv
FN:90,90,_ZN51InfusionModeTest_Constant_StepInterval_At1mLhr_TestC2Ev
FN:90,90,_ZN51InfusionModeTest_Constant_StepInterval_At1mLhr_TestD0Ev
FN:90,90,_ZN51InfusionModeTest_Constant_StepInterval_At1mLhr_TestD2Ev
FN:98,98,_ZN53InfusionModeTest_Constant_StepInterval_At500mLhr_Test8TestBodyEv
FN:98,98,_ZN53InfusionModeTest_Constant_StepInterval_At500mLhr_TestC2Ev
FN:98,98,_ZN53InfusionModeTest_Constant_StepInterval_At500mLhr_TestD0Ev
FN:98,98,_ZN53InfusionModeTest_Constant_StepInterval_At500mLhr_TestD2Ev
FNDA:1,_ZN68InfusionModeTest_Constant_FlowAccuracy_Within5Percent_At120mLhr_Test8TestBodyEv
FNDA:1,_ZN68InfusionModeTest_Constant_FlowAccuracy_Within5Percent_At120mLhr_TestC2Ev
FNDA:1,_ZN68InfusionModeTest_Constant_FlowAccuracy_Within5Percent_At120mLhr_TestD0Ev
FNDA:1,_ZN68InfusionModeTest_Constant_FlowAccuracy_Within5Percent_At120mLhr_TestD2Ev
FNDA:1,_ZN66InfusionModeTest_Constant_FlowAccuracy_Within5Percent_At1mLhr_Test8TestBodyEv
FNDA:1,_ZN66InfusionModeTest_Constant_FlowAccuracy_Within5Percent_At1mLhr_TestC2Ev
FNDA:1,_ZN66InfusionModeTest_Constant_FlowAccuracy_Within5Percent_At1mLhr_TestD0Ev
FNDA:1,_ZN66InfusionModeTest_Constant_FlowAccuracy_Within5Percent_At1mLhr_TestD2Ev
FNDA:1,_ZN68InfusionModeTest_Constant_FlowAccuracy_Within5Percent_At500mLhr_Test8TestBodyEv
FNDA:1,_ZN68InfusionModeTest_Constant_FlowAccuracy_Within5Percent_At500mLhr_TestC2Ev
FNDA:1,_ZN68InfusionModeTest_Constant_FlowAccuracy_Within5Percent_At500mLhr_TestD0Ev
FNDA:1,_ZN68InfusionModeTest_Constant_FlowAccuracy_Within5Percent_At500mLhr_TestD2Ev
FNDA:1,_ZN54InfusionModeTest_Constant_InitialState_NotRunning_Test8TestBodyEv
FNDA:1,_ZN54InfusionModeTest_Constant_InitialState_NotRunning_TestC2Ev
FNDA:1,_ZN54InfusionModeTest_Constant_InitialState_NotRunning_TestD0Ev
FNDA:1,_ZN54InfusionModeTest_Constant_InitialState_NotRunning_TestD2Ev
FNDA:1,_ZN46InfusionModeTest_Constant_Start_IsRunning_Test8TestBodyEv
FNDA:1,_ZN46InfusionModeTest_Constant_Start_IsRunning_TestC2Ev
FNDA:1,_ZN46InfusionModeTest_Constant_Start_IsRunning_TestD0Ev
FNDA:1,_ZN46InfusionModeTest_Constant_Start_IsRunning_TestD2Ev
FNDA:1,_ZN46InfusionModeTest_Constant_Stop_NotRunning_Test8TestBodyEv
FNDA:1,_ZN46InfusionModeTest_Constant_Stop_NotRunning_TestC2Ev
FNDA:1,_ZN46InfusionModeTest_Constant_Stop_NotRunning_TestD0Ev
FNDA:1,_ZN46InfusionModeTest_Constant_Stop_NotRunning_TestD2Ev
FNDA:1,_ZN47InfusionModeTest_Constant_Pause_NotRunning_Test8TestBodyEv
FNDA:1,_ZN47InfusionModeTest_Constant_Pause_NotRunning_TestC2Ev
FNDA:1,_ZN47InfusionModeTest_Constant_Pause_NotRunning_TestD0Ev
FNDA:1,_ZN47InfusionModeTest_Constant_Pause_NotRunning_TestD2Ev
FNDA:1,_ZN47InfusionModeTest_Constant_Resume_IsRunning_Test8TestBodyEv
FNDA:1,_ZN47InfusionModeTest_Constant_Resume_IsRunning_TestC2Ev
FNDA:1,_ZN47InfusionModeTest_Constant_Resume_IsRunning_TestD0Ev
FNDA:1,_ZN47InfusionModeTest_Constant_Resume_IsRunning_TestD2Ev
FNDA:1,_ZN55InfusionModeTest_Constant_RunWhileStopped_NoEffect_Test8TestBodyEv
FNDA:1,_ZN55InfusionModeTest_Constant_RunWhileStopped_NoEffect_TestC2Ev
FNDA:1,_ZN55InfusionModeTest_Constant_RunWhileStopped_NoEffect_TestD0Ev
FNDA:1,_ZN55InfusionModeTest_Constant_RunWhileStopped_NoEffect_TestD2Ev
FNDA:1,_ZN54InfusionModeTest_Constant_Occlusion_StopsInfusion_Test8TestBodyEv
FNDA:1,_ZN54InfusionModeTest_Constant_Occlusion_StopsInfusion_TestC2Ev
FNDA:1,_ZN54InfusionModeTest_Constant_Occlusion_StopsInfusion_TestD0Ev
FNDA:1,_ZN54InfusionModeTest_Constant_Occlusion_StopsInfusion_TestD2Ev
FNDA:1,_ZN63InfusionModeTest_Ramp_ComputeRate_AtStart_ReturnsStartRate_Test8TestBodyEv
FNDA:1,_ZN63InfusionModeTest_Ramp_ComputeRate_AtStart_ReturnsStartRate_TestC2Ev
FNDA:1,_ZN63InfusionModeTest_Ramp_ComputeRate_AtStart_ReturnsStartRate_TestD0Ev
FNDA:1,_ZN63InfusionModeTest_Ramp_ComputeRate_AtStart_ReturnsStartRate_TestD2Ev
FNDA:1,_ZN62InfusionModeTest_Ramp_ComputeRate_AtEnd_ReturnsTargetRate_Test8TestBodyEv
FNDA:1,_ZN62InfusionModeTest_Ramp_ComputeRate_AtEnd_ReturnsTargetRate_TestC2Ev
FNDA:1,_ZN62InfusionModeTest_Ramp_ComputeRate_AtEnd_ReturnsTargetRate_TestD0Ev
FNDA:1,_ZN62InfusionModeTest_Ramp_ComputeRate_AtEnd_ReturnsTargetRate_TestD2Ev
FNDA:1,_ZN64InfusionModeTest_Ramp_ComputeRate_AtMidpoint_ReturnsMidRate_Test8TestBodyEv
FNDA:1,_ZN64InfusionModeTest_Ramp_ComputeRate_AtMidpoint_ReturnsMidRate_TestC2Ev
FNDA:1,_ZN64InfusionModeTest_Ramp_ComputeRate_AtMidpoint_ReturnsMidRate_TestD0Ev
FNDA:1,_ZN64InfusionModeTest_Ramp_ComputeRate_AtMidpoint_ReturnsMidRate_TestD2Ev
FNDA:1,_ZN67InfusionModeTest_Ramp_ComputeRate_AtQuarter_ReturnsQuarterRate_Test8TestBodyEv
FNDA:1,_ZN67InfusionModeTest_Ramp_ComputeRate_AtQuarter_ReturnsQuarterRate_TestC2Ev
FNDA:1,_ZN67InfusionModeTest_Ramp_ComputeRate_AtQuarter_ReturnsQuarterRate_TestD0Ev
FNDA:1,_ZN67InfusionModeTest_Ramp_ComputeRate_AtQuarter_ReturnsQuarterRate_TestD2Ev
FNDA:1,_ZN63InfusionModeTest_Ramp_ComputeRate_BeyondEnd_ClampsToTarget_Test8TestBodyEv
FNDA:1,_ZN63InfusionModeTest_Ramp_ComputeRate_BeyondEnd_ClampsToTarget_TestC2Ev
FNDA:1,_ZN63InfusionModeTest_Ramp_ComputeRate_BeyondEnd_ClampsToTarget_TestD0Ev
FNDA:1,_ZN63InfusionModeTest_Ramp_ComputeRate_BeyondEnd_ClampsToTarget_TestD2Ev
FNDA:1,_ZN64InfusionModeTest_Ramp_ZeroDuration_ReturnsTargetImmediately_Test8TestBodyEv
FNDA:1,_ZN64InfusionModeTest_Ramp_ZeroDuration_ReturnsTargetImmediately_TestC2Ev
FNDA:1,_ZN64InfusionModeTest_Ramp_ZeroDuration_ReturnsTargetImmediately_TestD0Ev
FNDA:1,_ZN64InfusionModeTest_Ramp_ZeroDuration_ReturnsTargetImmediately_TestD2Ev
FNDA:1,_ZN55InfusionModeTest_Ramp_RampComplete_False_Initially_Test8TestBodyEv
FNDA:1,_ZN55InfusionModeTest_Ramp_RampComplete_False_Initially_TestC2Ev
FNDA:1,_ZN55InfusionModeTest_Ramp_RampComplete_False_Initially_TestD0Ev
FNDA:1,_ZN55InfusionModeTest_Ramp_RampComplete_False_Initially_TestD2Ev
FNDA:1,_ZN62InfusionModeTest_Ramp_RampComplete_True_AfterFullDuration_Test8TestBodyEv
FNDA:1,_ZN62InfusionModeTest_Ramp_RampComplete_True_AfterFullDuration_TestC2Ev
FNDA:1,_ZN62InfusionModeTest_Ramp_RampComplete_True_AfterFullDuration_TestD0Ev
FNDA:1,_ZN62InfusionModeTest_Ramp_RampComplete_True_AfterFullDuration_TestD2Ev
FNDA:49,_ZN16InfusionModeTest5SetUpEv
FNDA:1,_ZN54InfusionModeTest_Ramp_ElapsedUs_AdvancesCorrectly_Test8TestBodyEv
FNDA:1,_ZN54InfusionModeTest_Ramp_ElapsedUs_AdvancesCorrectly_TestC2Ev
FNDA:1,_ZN54InfusionModeTest_Ramp_ElapsedUs_AdvancesCorrectly_TestD0Ev
FNDA:1,_ZN54InfusionModeTest_Ramp_ElapsedUs_AdvancesCorrectly_TestD2Ev
FNDA:1,_ZN54InfusionModeTest_Ramp_ElapsedUs_ClampedAtDuration_Test8TestBodyEv
FNDA:1,_ZN54InfusionModeTest_Ramp_ElapsedUs_ClampedAtDuration_TestC2Ev
FNDA:1,_ZN54InfusionModeTest_Ramp_ElapsedUs_ClampedAtDuration_TestD0Ev
FNDA:1,_ZN54InfusionModeTest_Ramp_ElapsedUs_ClampedAtDuration_TestD2Ev
FNDA:1,_ZN52InfusionModeTest_Ramp_ResetRamp_GoesBackToStart_Test8TestBodyEv
FNDA:1,_ZN52InfusionModeTest_Ramp_ResetRamp_GoesBackToStart_TestC2Ev
FNDA:1,_ZN52InfusionModeTest_Ramp_ResetRamp_GoesBackToStart_TestD0Ev
FNDA:1,_ZN52InfusionModeTest_Ramp_ResetRamp_GoesBackToStart_TestD2Ev
FNDA:1,_ZN47InfusionModeTest_Ramp_StartRate_Accessible_Test8TestBodyEv
FNDA:1,_ZN47InfusionModeTest_Ramp_StartRate_Accessible_TestC2Ev
FNDA:1,_ZN47InfusionModeTest_Ramp_StartRate_Accessible_TestD0Ev
FNDA:1,_ZN47InfusionModeTest_Ramp_StartRate_Accessible_TestD2Ev
FNDA:1,_ZN48InfusionModeTest_Ramp_TargetRate_Accessible_Test8TestBodyEv
FNDA:1,_ZN48InfusionModeTest_Ramp_TargetRate_Accessible_TestC2Ev
FNDA:1,_ZN48InfusionModeTest_Ramp_TargetRate_Accessible_TestD0Ev
FNDA:1,_ZN48InfusionModeTest_Ramp_TargetRate_Accessible_TestD2Ev
FNDA:1,_ZN57InfusionModeTest_ModeSwitch_ConstantToRamp_NoRestart_Test8TestBodyEv
FNDA:1,_ZN57InfusionModeTest_ModeSwitch_ConstantToRamp_NoRestart_TestC2Ev
FNDA:1,_ZN57InfusionModeTest_ModeSwitch_ConstantToRamp_NoRestart_TestD0Ev
FNDA:1,_ZN57InfusionModeTest_ModeSwitch_ConstantToRamp_NoRestart_TestD2Ev
FNDA:1,_ZN50InfusionModeTest_ModeSwitch_NullMode_NoChange_Test8TestBodyEv
FNDA:1,_ZN50InfusionModeTest_ModeSwitch_NullMode_NoChange_TestC2Ev
FNDA:1,_ZN50InfusionModeTest_ModeSwitch_NullMode_NoChange_TestD0Ev
FNDA:1,_ZN50InfusionModeTest_ModeSwitch_NullMode_NoChange_TestD2Ev
FNDA:1,_ZN57InfusionModeTest_ModeSwitch_RampToConstant_NoRestart_Test8TestBodyEv
FNDA:1,_ZN57InfusionModeTest_ModeSwitch_RampToConstant_NoRestart_TestC2Ev
FNDA:1,_ZN57InfusionModeTest_ModeSwitch_RampToConstant_NoRestart_TestD0Ev
FNDA:1,_ZN57InfusionModeTest_ModeSwitch_RampToConstant_NoRestart_TestD2Ev
FNDA:1,_ZN56InfusionModeTest_Constant_RateAboveMax_ClampedTo500_Test8TestBodyEv
FNDA:1,_ZN56InfusionModeTest_Constant_RateAboveMax_ClampedTo500_TestC2Ev
FNDA:1,_ZN56InfusionModeTest_Constant_RateAboveMax_ClampedTo500_TestD0Ev
FNDA:1,_ZN56InfusionModeTest_Constant_RateAboveMax_ClampedTo500_TestD2Ev
FNDA:34,_ZN16InfusionModeTest12makeConstantEfj
FNDA:1,_ZN54InfusionModeTest_Tick_WhenNotRunning_ReturnsEarly_Test8TestBodyEv
FNDA:1,_ZN54InfusionModeTest_Tick_WhenNotRunning_ReturnsEarly_TestC2Ev
FNDA:1,_ZN54InfusionModeTest_Tick_WhenNotRunning_ReturnsEarly_TestD0Ev
FNDA:1,_ZN54InfusionModeTest_Tick_WhenNotRunning_ReturnsEarly_TestD2Ev
FNDA:1,_ZN59InfusionModeTest_Tick_AccumulatesTimeAndFiresStepPulse_Test8TestBodyEv
FNDA:1,_ZN59InfusionModeTest_Tick_AccumulatesTimeAndFiresStepPulse_TestC2Ev
FNDA:1,_ZN59InfusionModeTest_Tick_AccumulatesTimeAndFiresStepPulse_TestD0Ev
FNDA:1,_ZN59InfusionModeTest_Tick_AccumulatesTimeAndFiresStepPulse_TestD2Ev
FNDA:18,_ZN16InfusionModeTest8makeRampEffjj
FNDA:1,_ZN67InfusionModeTest_Ramp_AdvanceTime_WhenRampAlreadyComplete_NoOp_Test8TestBodyEv
FNDA:1,_ZN67InfusionModeTest_Ramp_AdvanceTime_WhenRampAlreadyComplete_NoOp_TestC2Ev
FNDA:1,_ZN67InfusionModeTest_Ramp_AdvanceTime_WhenRampAlreadyComplete_NoOp_TestD0Ev
FNDA:1,_ZN67InfusionModeTest_Ramp_AdvanceTime_WhenRampAlreadyComplete_NoOp_TestD2Ev
FNDA:1,_ZN64InfusionModeTest_Ramp_CurrentRateGetter_ReturnsCorrectValue_Test8TestBodyEv
FNDA:1,_ZN64InfusionModeTest_Ramp_CurrentRateGetter_ReturnsCorrectValue_TestC2Ev
FNDA:1,_ZN64InfusionModeTest_Ramp_CurrentRateGetter_ReturnsCorrectValue_TestD0Ev
FNDA:1,_ZN64InfusionModeTest_Ramp_CurrentRateGetter_ReturnsCorrectValue_TestD2Ev
FNDA:1,_ZN59InfusionModeTest_Tick_WhenIntervalIsZero_SkipsStepping_Test8TestBodyEv
FNDA:1,_ZN59InfusionModeTest_Tick_WhenIntervalIsZero_SkipsStepping_TestC2Ev
FNDA:1,_ZN59InfusionModeTest_Tick_WhenIntervalIsZero_SkipsStepping_TestD0Ev
FNDA:1,_ZN59InfusionModeTest_Tick_WhenIntervalIsZero_SkipsStepping_TestD2Ev
FNDA:1,_ZN57InfusionModeTest_Constant_Complete_WhenVolumeReached_Test8TestBodyEv
FNDA:1,_ZN57InfusionModeTest_Constant_Complete_WhenVolumeReached_TestC2Ev
FNDA:1,_ZN57InfusionModeTest_Constant_Complete_WhenVolumeReached_TestD0Ev
FNDA:1,_ZN57InfusionModeTest_Constant_Complete_WhenVolumeReached_TestD2Ev
FNDA:1,_ZN54InfusionModeTest_Constant_RateBelowMin_ClampedTo1_Test8TestBodyEv
FNDA:1,_ZN54InfusionModeTest_Constant_RateBelowMin_ClampedTo1_TestC2Ev
FNDA:1,_ZN54InfusionModeTest_Constant_RateBelowMin_ClampedTo1_TestD0Ev
FNDA:1,_ZN54InfusionModeTest_Constant_RateBelowMin_ClampedTo1_TestD2Ev
FNDA:1,_ZN67InfusionModeTest_Run_WhenCompleteButForcedRunning_ReturnsEarly_Test8TestBodyEv
FNDA:1,_ZN67InfusionModeTest_Run_WhenCompleteButForcedRunning_ReturnsEarly_TestC2Ev
FNDA:1,_ZN67InfusionModeTest_Run_WhenCompleteButForcedRunning_ReturnsEarly_TestD0Ev
FNDA:1,_ZN67InfusionModeTest_Run_WhenCompleteButForcedRunning_ReturnsEarly_TestD2Ev
FNDA:1,_ZN62InfusionModeTest_Run_BranchCoverage_NotRunningButComplete_Test8TestBodyEv
FNDA:1,_ZN62InfusionModeTest_Run_BranchCoverage_NotRunningButComplete_TestC2Ev
FNDA:1,_ZN62InfusionModeTest_Run_BranchCoverage_NotRunningButComplete_TestD0Ev
FNDA:1,_ZN62InfusionModeTest_Run_BranchCoverage_NotRunningButComplete_TestD2Ev
FNDA:1,_ZN64InfusionModeTest_Constant_ComputeRate_ReturnsConfiguredRate_Test8TestBodyEv
FNDA:1,_ZN64InfusionModeTest_Constant_ComputeRate_ReturnsConfiguredRate_TestC2Ev
FNDA:1,_ZN64InfusionModeTest_Constant_ComputeRate_ReturnsConfiguredRate_TestD0Ev
FNDA:1,_ZN64InfusionModeTest_Constant_ComputeRate_ReturnsConfiguredRate_TestD2Ev
FNDA:1,_ZN70InfusionModeTest_ApplyRate_BranchCoverage_StrictlyLessThanMinRate_Test8TestBodyEv
FNDA:1,_ZN70InfusionModeTest_ApplyRate_BranchCoverage_StrictlyLessThanMinRate_TestC2Ev
FNDA:1,_ZN70InfusionModeTest_ApplyRate_BranchCoverage_StrictlyLessThanMinRate_TestD0Ev
FNDA:1,_ZN70InfusionModeTest_ApplyRate_BranchCoverage_StrictlyLessThanMinRate_TestD2Ev
FNDA:1,_ZN73InfusionModeTest_ApplyRate_BranchCoverage_StrictlyGreaterThanMaxRate_Test8TestBodyEv
FNDA:1,_ZN73InfusionModeTest_ApplyRate_BranchCoverage_StrictlyGreaterThanMaxRate_TestC2Ev
FNDA:1,_ZN73InfusionModeTest_ApplyRate_BranchCoverage_StrictlyGreaterThanMaxRate_TestD0Ev
FNDA:1,_ZN73InfusionModeTest_ApplyRate_BranchCoverage_StrictlyGreaterThanMaxRate_TestD2Ev
FNDA:1,_ZN64InfusionModeTest_ApplyRate_BranchCoverage_NominalNoClamping_Test8TestBodyEv
FNDA:1,_ZN64InfusionModeTest_ApplyRate_BranchCoverage_NominalNoClamping_TestC2Ev
FNDA:1,_ZN64InfusionModeTest_ApplyRate_BranchCoverage_NominalNoClamping_TestD0Ev
FNDA:1,_ZN64InfusionModeTest_ApplyRate_BranchCoverage_NominalNoClamping_TestD2Ev
FNDA:1,_ZN64InfusionModeTest_Ramp_BranchCoverage_ZeroDurationExplicitly_Test8TestBodyEv
FNDA:1,_ZN64InfusionModeTest_Ramp_BranchCoverage_ZeroDurationExplicitly_TestC2Ev
FNDA:1,_ZN64InfusionModeTest_Ramp_BranchCoverage_ZeroDurationExplicitly_TestD0Ev
FNDA:1,_ZN64InfusionModeTest_Ramp_BranchCoverage_ZeroDurationExplicitly_TestD2Ev
FNDA:1,_ZN66InfusionModeTest_Tick_BranchCoverage_ForcedRunningAndComplete_Test8TestBodyEv
FNDA:1,_ZN66InfusionModeTest_Tick_BranchCoverage_ForcedRunningAndComplete_TestC2Ev
FNDA:1,_ZN66InfusionModeTest_Tick_BranchCoverage_ForcedRunningAndComplete_TestD0Ev
FNDA:1,_ZN66InfusionModeTest_Tick_BranchCoverage_ForcedRunningAndComplete_TestD2Ev
FNDA:1,_ZN48InfusionModeTest_Constant_ComputeRate_1mLhr_Test8TestBodyEv
FNDA:1,_ZN48InfusionModeTest_Constant_ComputeRate_1mLhr_TestC2Ev
FNDA:1,_ZN48InfusionModeTest_Constant_ComputeRate_1mLhr_TestD0Ev
FNDA:1,_ZN48InfusionModeTest_Constant_ComputeRate_1mLhr_TestD2Ev
FNDA:1,_ZN50InfusionModeTest_Constant_ComputeRate_500mLhr_Test8TestBodyEv
FNDA:1,_ZN50InfusionModeTest_Constant_ComputeRate_500mLhr_TestC2Ev
FNDA:1,_ZN50InfusionModeTest_Constant_ComputeRate_500mLhr_TestD0Ev
FNDA:1,_ZN50InfusionModeTest_Constant_ComputeRate_500mLhr_TestD2Ev
FNDA:1,_ZN56InfusionModeTest_Constant_SetRate_UpdatesOnNextCall_Test8TestBodyEv
FNDA:1,_ZN56InfusionModeTest_Constant_SetRate_UpdatesOnNextCall_TestC2Ev
FNDA:1,_ZN56InfusionModeTest_Constant_SetRate_UpdatesOnNextCall_TestD0Ev
FNDA:1,_ZN56InfusionModeTest_Constant_SetRate_UpdatesOnNextCall_TestD2Ev
FNDA:1,_ZN56InfusionModeTest_Constant_GetRate_ReturnsConfigured_Test8TestBodyEv
FNDA:1,_ZN56InfusionModeTest_Constant_GetRate_ReturnsConfigured_TestC2Ev
FNDA:1,_ZN56InfusionModeTest_Constant_GetRate_ReturnsConfigured_TestD0Ev
FNDA:1,_ZN56InfusionModeTest_Constant_GetRate_ReturnsConfigured_TestD2Ev
FNDA:1,_ZN53InfusionModeTest_Constant_StepInterval_At120mLhr_Test8TestBodyEv
FNDA:1,_ZN53InfusionModeTest_Constant_StepInterval_At120mLhr_TestC2Ev
FNDA:1,_ZN53InfusionModeTest_Constant_StepInterval_At120mLhr_TestD0Ev
FNDA:1,_ZN53InfusionModeTest_Constant_StepInterval_At120mLhr_TestD2Ev
FNDA:1,_ZN51InfusionModeTest_Constant_StepInterval_At1mLhr_Test8TestBodyEv
FNDA:1,_ZN51InfusionModeTest_Constant_StepInterval_At1mLhr_TestC2Ev
FNDA:1,_ZN51InfusionModeTest_Constant_StepInterval_At1mLhr_TestD0Ev
FNDA:1,_ZN51InfusionModeTest_Constant_StepInterval_At1mLhr_TestD2Ev
FNDA:1,_ZN53InfusionModeTest_Constant_StepInterval_At500mLhr_Test8TestBodyEv
FNDA:1,_ZN53InfusionModeTest_Constant_StepInterval_At500mLhr_TestC2Ev
FNDA:1,_ZN53InfusionModeTest_Constant_StepInterval_At500mLhr_TestD0Ev
FNDA:1,_ZN53InfusionModeTest_Constant_StepInterval_At500mLhr_TestD2Ev
FNF:199
FNH:199
BRDA:55,0,0,1
BRDA:55,e0,1,0
BRDA:55,0,2,0
BRDA:55,0,3,1
BRDA:55,0,4,0
BRDA:55,e0,5,0
BRDA:55,0,6,0
BRDA:55,e0,7,0
BRDA:55,0,8,0
BRDA:55,e0,9,0
BRDA:60,0,0,1
BRDA:60,e0,1,0
BRDA:60,0,2,0
BRDA:60,0,3,1
BRDA:60,0,4,0
BRDA:60,e0,5,0
BRDA:60,0,6,0
BRDA:60,e0,7,0
BRDA:60,0,8,0
BRDA:60,e0,9,0
BRDA:65,0,0,1
BRDA:65,e0,1,0
BRDA:65,0,2,0
BRDA:65,0,3,1
BRDA:65,0,4,0
BRDA:65,e0,5,0
BRDA:65,0,6,0
BRDA:65,e0,7,0
BRDA:65,0,8,0
BRDA:65,e0,9,0
BRDA:71,0,0,1
BRDA:71,e0,1,0
BRDA:71,0,2,0
BRDA:71,0,3,1
BRDA:71,0,4,0
BRDA:71,e0,5,0
BRDA:71,0,6,0
BRDA:71,e0,7,0
BRDA:71,0,8,0
BRDA:71,e0,9,0
BRDA:72,0,0,1
BRDA:72,e0,1,0
BRDA:72,0,2,0
BRDA:72,0,3,1
BRDA:72,0,4,0
BRDA:72,e0,5,0
BRDA:72,0,6,0
BRDA:72,e0,7,0
BRDA:72,0,8,0
BRDA:72,e0,9,0
BRDA:77,0,0,1
BRDA:77,e0,1,0
BRDA:77,0,2,0
BRDA:77,0,3,1
BRDA:77,0,4,0
BRDA:77,e0,5,0
BRDA:77,0,6,0
BRDA:77,e0,7,0
BRDA:77,0,8,0
BRDA:77,e0,9,0
BRDA:87,0,0,1
BRDA:87,e0,1,0
BRDA:87,0,2,0
BRDA:87,0,3,1
BRDA:87,0,4,0
BRDA:87,e0,5,0
BRDA:87,0,6,0
BRDA:87,e0,7,0
BRDA:87,0,8,0
BRDA:87,e0,9,0
BRDA:95,0,0,1
BRDA:95,e0,1,0
BRDA:95,0,2,0
BRDA:95,0,3,1
BRDA:95,0,4,0
BRDA:95,e0,5,0
BRDA:95,0,6,0
BRDA:95,e0,7,0
BRDA:95,0,8,0
BRDA:95,e0,9,0
BRDA:103,0,0,1
BRDA:103,e0,1,0
BRDA:103,0,2,0
BRDA:103,0,3,1
BRDA:103,0,4,0
BRDA:103,e0,5,0
BRDA:103,0,6,0
BRDA:103,e0,7,0
BRDA:103,0,8,0
BRDA:103,e0,9,0
BRDA:119,0,0,1
BRDA:119,e0,1,0
BRDA:119,0,2,0
BRDA:119,0,3,1
BRDA:119,0,4,0
BRDA:119,e0,5,0
BRDA:119,0,6,0
BRDA:119,e0,7,0
BRDA:119,0,8,0
BRDA:119,e0,9,0
BRDA:120,0,0,1
BRDA:120,e0,1,0
BRDA:120,0,2,0
BRDA:120,0,3,1
BRDA:120,0,4,0
BRDA:120,e0,5,0
BRDA:120,0,6,0
BRDA:120,e0,7,0
BRDA:120,0,8,0
BRDA:120,e0,9,0
BRDA:131,0,0,1
BRDA:131,e0,1,0
BRDA:131,0,2,0
BRDA:131,0,3,1
BRDA:131,0,4,0
BRDA:131,e0,5,0
BRDA:131,0,6,0
BRDA:131,e0,7,0
BRDA:131,0,8,0
BRDA:131,e0,9,0
BRDA:132,0,0,1
BRDA:132,e0,1,0
BRDA:132,0,2,0
BRDA:132,0,3,1
BRDA:132,0,4,0
BRDA:132,e0,5,0
BRDA:132,0,6,0
BRDA:132,e0,7,0
BRDA:132,0,8,0
BRDA:132,e0,9,0
BRDA:143,0,0,1
BRDA:143,e0,1,0
BRDA:143,0,2,0
BRDA:143,0,3,1
BRDA:143,0,4,0
BRDA:143,e0,5,0
BRDA:143,0,6,0
BRDA:143,e0,7,0
BRDA:143,0,8,0
BRDA:143,e0,9,0
BRDA:144,0,0,1
BRDA:144,e0,1,0
BRDA:144,0,2,0
BRDA:144,0,3,1
BRDA:144,0,4,0
BRDA:144,e0,5,0
BRDA:144,0,6,0
BRDA:144,e0,7,0
BRDA:144,0,8,0
BRDA:144,e0,9,0
BRDA:150,0,0,0
BRDA:150,0,1,1
BRDA:150,0,2,0
BRDA:150,e0,3,0
BRDA:150,0,4,0
BRDA:150,e0,5,0
BRDA:150,0,6,0
BRDA:150,e0,7,0
BRDA:150,0,8,0
BRDA:150,e0,9,0
BRDA:151,0,0,0
BRDA:151,0,1,1
BRDA:151,0,2,0
BRDA:151,e0,3,0
BRDA:151,0,4,0
BRDA:151,e0,5,0
BRDA:151,0,6,0
BRDA:151,e0,7,0
BRDA:151,0,8,0
BRDA:151,e0,9,0
BRDA:157,0,0,0
BRDA:157,0,1,1
BRDA:157,0,2,0
BRDA:157,e0,3,0
BRDA:157,0,4,0
BRDA:157,e0,5,0
BRDA:157,0,6,0
BRDA:157,e0,7,0
BRDA:157,0,8,0
BRDA:157,e0,9,0
BRDA:158,0,0,0
BRDA:158,0,1,1
BRDA:158,0,2,0
BRDA:158,e0,3,0
BRDA:158,0,4,0
BRDA:158,e0,5,0
BRDA:158,0,6,0
BRDA:158,e0,7,0
BRDA:158,0,8,0
BRDA:158,e0,9,0
BRDA:165,0,0,0
BRDA:165,0,1,1
BRDA:165,0,2,0
BRDA:165,e0,3,0
BRDA:165,0,4,0
BRDA:165,e0,5,0
BRDA:165,0,6,0
BRDA:165,e0,7,0
BRDA:165,0,8,0
BRDA:165,e0,9,0
BRDA:166,0,0,0
BRDA:166,0,1,1
BRDA:166,0,2,0
BRDA:166,e0,3,0
BRDA:166,0,4,0
BRDA:166,e0,5,0
BRDA:166,0,6,0
BRDA:166,e0,7,0
BRDA:166,0,8,0
BRDA:166,e0,9,0
BRDA:173,0,0,0
BRDA:173,0,1,1
BRDA:173,0,2,0
BRDA:173,e0,3,0
BRDA:173,0,4,0
BRDA:173,e0,5,0
BRDA:173,0,6,0
BRDA:173,e0,7,0
BRDA:173,0,8,0
BRDA:173,e0,9,0
BRDA:181,0,0,0
BRDA:181,0,1,1
BRDA:181,0,2,0
BRDA:181,e0,3,0
BRDA:181,0,4,0
BRDA:181,e0,5,0
BRDA:181,0,6,0
BRDA:181,e0,7,0
BRDA:181,0,8,0
BRDA:181,e0,9,0
BRDA:187,0,0,1
BRDA:187,e0,1,0
BRDA:187,0,2,0
BRDA:187,0,3,1
BRDA:187,0,4,0
BRDA:187,e0,5,0
BRDA:187,0,6,0
BRDA:187,e0,7,0
BRDA:187,0,8,0
BRDA:187,e0,9,0
BRDA:217,0,0,0
BRDA:217,0,1,1
BRDA:217,0,2,0
BRDA:217,e0,3,0
BRDA:217,0,4,0
BRDA:217,e0,5,0
BRDA:217,0,6,0
BRDA:217,e0,7,0
BRDA:217,0,8,0
BRDA:217,e0,9,0
BRDA:221,0,0,0
BRDA:221,0,1,1
BRDA:221,0,2,0
BRDA:221,e0,3,0
BRDA:221,0,4,0
BRDA:221,e0,5,0
BRDA:221,0,6,0
BRDA:221,e0,7,0
BRDA:221,0,8,0
BRDA:221,e0,9,0
BRDA:222,0,0,0
BRDA:222,0,1,1
BRDA:222,0,2,0
BRDA:222,e0,3,0
BRDA:222,0,4,0
BRDA:222,e0,5,0
BRDA:222,0,6,0
BRDA:222,e0,7,0
BRDA:222,0,8,0
BRDA:222,e0,9,0
BRDA:230,0,0,1
BRDA:230,e0,1,0
BRDA:230,0,2,0
BRDA:230,0,3,1
BRDA:230,0,4,0
BRDA:230,e0,5,0
BRDA:230,0,6,0
BRDA:230,e0,7,0
BRDA:230,0,8,0
BRDA:230,e0,9,0
BRDA:236,0,0,1
BRDA:236,e0,1,0
BRDA:236,0,2,0
BRDA:236,0,3,1
BRDA:236,0,4,0
BRDA:236,e0,5,0
BRDA:236,0,6,0
BRDA:236,e0,7,0
BRDA:236,0,8,0
BRDA:236,e0,9,0
BRDA:243,0,0,1
BRDA:243,e0,1,0
BRDA:243,0,2,0
BRDA:243,0,3,1
BRDA:243,0,4,0
BRDA:243,e0,5,0
BRDA:243,0,6,0
BRDA:243,e0,7,0
BRDA:243,0,8,0
BRDA:243,e0,9,0
BRDA:250,0,0,1
BRDA:250,e0,1,0
BRDA:250,0,2,0
BRDA:250,0,3,1
BRDA:250,0,4,0
BRDA:250,e0,5,0
BRDA:250,0,6,0
BRDA:250,e0,7,0
BRDA:250,0,8,0
BRDA:250,e0,9,0
BRDA:256,0,0,1
BRDA:256,e0,1,0
BRDA:256,0,2,0
BRDA:256,0,3,1
BRDA:256,0,4,0
BRDA:256,e0,5,0
BRDA:256,0,6,0
BRDA:256,e0,7,0
BRDA:256,0,8,0
BRDA:256,e0,9,0
BRDA:261,0,0,1
BRDA:261,e0,1,0
BRDA:261,0,2,0
BRDA:261,0,3,1
BRDA:261,0,4,0
BRDA:261,e0,5,0
BRDA:261,0,6,0
BRDA:261,e0,7,0
BRDA:261,0,8,0
BRDA:261,e0,9,0
BRDA:266,0,0,0
BRDA:266,0,1,1
BRDA:266,0,2,0
BRDA:266,e0,3,0
BRDA:266,0,4,0
BRDA:266,e0,5,0
BRDA:266,0,6,0
BRDA:266,e0,7,0
BRDA:266,0,8,0
BRDA:266,e0,9,0
BRDA:273,0,0,0
BRDA:273,0,1,1
BRDA:273,0,2,0
BRDA:273,e0,3,0
BRDA:273,0,4,0
BRDA:273,e0,5,0
BRDA:273,0,6,0
BRDA:273,e0,7,0
BRDA:273,0,8,0
BRDA:273,e0,9,0
BRDA:279,0,0,1
BRDA:279,e0,1,0
BRDA:279,0,2,0
BRDA:279,0,3,1
BRDA:279,0,4,0
BRDA:279,e0,5,0
BRDA:279,0,6,0
BRDA:279,e0,7,0
BRDA:279,0,8,0
BRDA:279,e0,9,0
BRDA:285,0,0,1
BRDA:285,e0,1,0
BRDA:285,0,2,0
BRDA:285,0,3,1
BRDA:285,0,4,0
BRDA:285,e0,5,0
BRDA:285,0,6,0
BRDA:285,e0,7,0
BRDA:285,0,8,0
BRDA:285,e0,9,0
BRDA:292,0,0,1
BRDA:292,e0,1,0
BRDA:292,0,2,0
BRDA:292,0,3,1
BRDA:292,0,4,0
BRDA:292,e0,5,0
BRDA:292,0,6,0
BRDA:292,e0,7,0
BRDA:292,0,8,0
BRDA:292,e0,9,0
BRDA:293,0,0,1
BRDA:293,e0,1,0
BRDA:293,0,2,0
BRDA:293,0,3,1
BRDA:293,0,4,0
BRDA:293,e0,5,0
BRDA:293,0,6,0
BRDA:293,e0,7,0
BRDA:293,0,8,0
BRDA:293,e0,9,0
BRDA:298,0,0,1
BRDA:298,e0,1,0
BRDA:298,0,2,0
BRDA:298,0,3,1
BRDA:298,0,4,0
BRDA:298,e0,5,0
BRDA:298,0,6,0
BRDA:298,e0,7,0
BRDA:298,0,8,0
BRDA:298,e0,9,0
BRDA:303,0,0,1
BRDA:303,e0,1,0
BRDA:303,0,2,0
BRDA:303,0,3,1
BRDA:303,0,4,0
BRDA:303,e0,5,0
BRDA:303,0,6,0
BRDA:303,e0,7,0
BRDA:303,0,8,0
BRDA:303,e0,9,0
BRDA:312,0,0,0
BRDA:312,0,1,1
BRDA:312,0,2,0
BRDA:312,e0,3,0
BRDA:312,0,4,0
BRDA:312,e0,5,0
BRDA:312,0,6,0
BRDA:312,e0,7,0
BRDA:312,0,8,0
BRDA:312,e0,9,0
BRDA:319,0,0,0
BRDA:319,0,1,1
BRDA:319,0,2,0
BRDA:319,e0,3,0
BRDA:319,0,4,0
BRDA:319,e0,5,0
BRDA:319,0,6,0
BRDA:319,e0,7,0
BRDA:319,0,8,0
BRDA:319,e0,9,0
BRDA:325,0,0,1
BRDA:325,e0,1,0
BRDA:325,0,2,0
BRDA:325,0,3,1
BRDA:325,0,4,0
BRDA:325,e0,5,0
BRDA:325,0,6,0
BRDA:325,e0,7,0
BRDA:325,0,8,0
BRDA:325,e0,9,0
BRDA:332,0,0,0
BRDA:332,0,1,1
BRDA:332,0,2,0
BRDA:332,e0,3,0
BRDA:332,0,4,0
BRDA:332,e0,5,0
BRDA:332,0,6,0
BRDA:332,e0,7,0
BRDA:332,0,8,0
BRDA:332,e0,9,0
BRDA:334,0,0,1
BRDA:334,e0,1,0
BRDA:334,0,2,0
BRDA:334,0,3,1
BRDA:334,0,4,0
BRDA:334,e0,5,0
BRDA:334,0,6,0
BRDA:334,e0,7,0
BRDA:334,0,8,0
BRDA:334,e0,9,0
BRDA:345,0,0,0
BRDA:345,0,1,1
BRDA:345,0,2,0
BRDA:345,e0,3,0
BRDA:345,0,4,0
BRDA:345,e0,5,0
BRDA:345,0,6,0
BRDA:345,e0,7,0
BRDA:345,0,8,0
BRDA:345,e0,9,0
BRDA:348,0,0,1
BRDA:348,e0,1,0
BRDA:348,0,2,0
BRDA:348,0,3,1
BRDA:348,0,4,0
BRDA:348,e0,5,0
BRDA:348,0,6,0
BRDA:348,e0,7,0
BRDA:348,0,8,0
BRDA:348,e0,9,0
BRDA:367,0,0,1
BRDA:367,e0,1,0
BRDA:367,0,2,0
BRDA:367,0,3,1
BRDA:367,0,4,0
BRDA:367,e0,5,0
BRDA:367,0,6,0
BRDA:367,e0,7,0
BRDA:367,0,8,0
BRDA:367,e0,9,0
BRDA:403,0,0,1
BRDA:403,e0,1,0
BRDA:403,0,2,0
BRDA:403,0,3,1
BRDA:403,0,4,0
BRDA:403,e0,5,0
BRDA:403,0,6,0
BRDA:403,e0,7,0
BRDA:403,0,8,0
BRDA:403,e0,9,0
BRDA:414,0,0,149
BRDA:414,0,1,1
BRDA:417,0,0,1
BRDA:417,e0,1,0
BRDA:417,0,2,0
BRDA:417,0,3,1
BRDA:417,0,4,0
BRDA:417,e0,5,0
BRDA:417,0,6,0
BRDA:417,e0,7,0
BRDA:417,0,8,0
BRDA:417,e0,9,0
BRDA:421,0,0,1
BRDA:421,e0,1,0
BRDA:421,0,2,0
BRDA:421,0,3,1
BRDA:421,0,4,0
BRDA:421,e0,5,0
BRDA:421,0,6,0
BRDA:421,e0,7,0
BRDA:421,0,8,0
BRDA:421,e0,9,0
BRDA:432,0,0,1
BRDA:432,e0,1,0
BRDA:432,0,2,0
BRDA:432,0,3,1
BRDA:432,0,4,0
BRDA:432,e0,5,0
BRDA:432,0,6,0
BRDA:432,e0,7,0
BRDA:432,0,8,0
BRDA:432,e0,9,0
BRDA:438,0,0,1
BRDA:438,e0,1,0
BRDA:438,0,2,0
BRDA:438,0,3,1
BRDA:438,0,4,0
BRDA:438,e0,5,0
BRDA:438,0,6,0
BRDA:438,e0,7,0
BRDA:438,0,8,0
BRDA:438,e0,9,0
BRDA:450,0,0,1
BRDA:450,e0,1,0
BRDA:450,0,2,0
BRDA:450,0,3,1
BRDA:450,0,4,0
BRDA:450,e0,5,0
BRDA:450,0,6,0
BRDA:450,e0,7,0
BRDA:450,0,8,0
BRDA:450,e0,9,0
BRDA:461,0,0,25
BRDA:461,0,1,1
BRDA:470,0,0,0
BRDA:470,0,1,1
BRDA:470,0,2,0
BRDA:470,e0,3,0
BRDA:470,0,4,0
BRDA:470,e0,5,0
BRDA:470,0,6,0
BRDA:470,e0,7,0
BRDA:470,0,8,0
BRDA:470,e0,9,0
BRDA:471,0,0,0
BRDA:471,0,1,1
BRDA:471,0,2,0
BRDA:471,e0,3,0
BRDA:471,0,4,0
BRDA:471,e0,5,0
BRDA:471,0,6,0
BRDA:471,e0,7,0
BRDA:471,0,8,0
BRDA:471,e0,9,0
BRDA:482,0,0,1
BRDA:482,e0,1,0
BRDA:482,0,2,0
BRDA:482,0,3,1
BRDA:482,0,4,0
BRDA:482,e0,5,0
BRDA:482,0,6,0
BRDA:482,e0,7,0
BRDA:482,0,8,0
BRDA:482,e0,9,0
BRDA:489,0,0,1
BRDA:489,e0,1,0
BRDA:489,0,2,0
BRDA:489,0,3,1
BRDA:489,0,4,0
BRDA:489,e0,5,0
BRDA:489,0,6,0
BRDA:489,e0,7,0
BRDA:489,0,8,0
BRDA:489,e0,9,0
BRDA:501,0,0,25
BRDA:501,0,1,1
BRDA:509,0,0,0
BRDA:509,0,1,1
BRDA:509,0,2,0
BRDA:509,e0,3,0
BRDA:509,0,4,0
BRDA:509,e0,5,0
BRDA:509,0,6,0
BRDA:509,e0,7,0
BRDA:509,0,8,0
BRDA:509,e0,9,0
BRDA:509,0,10,1
BRDA:509,0,11,0
BRDA:515,0,0,0
BRDA:515,0,1,1
BRDA:515,0,2,0
BRDA:515,e0,3,0
BRDA:515,0,4,0
BRDA:515,e0,5,0
BRDA:515,0,6,0
BRDA:515,e0,7,0
BRDA:515,0,8,0
BRDA:515,e0,9,0
BRDA:533,0,0,0
BRDA:533,0,1,1
BRDA:533,0,2,0
BRDA:533,e0,3,0
BRDA:533,0,4,0
BRDA:533,e0,5,0
BRDA:533,0,6,0
BRDA:533,e0,7,0
BRDA:533,0,8,0
BRDA:533,e0,9,0
BRDA:541,0,0,1
BRDA:541,e0,1,0
BRDA:541,0,2,0
BRDA:541,0,3,1
BRDA:541,0,4,0
BRDA:541,e0,5,0
BRDA:541,0,6,0
BRDA:541,e0,7,0
BRDA:541,0,8,0
BRDA:541,e0,9,0
BRDA:549,0,0,1
BRDA:549,e0,1,0
BRDA:549,0,2,0
BRDA:549,0,3,1
BRDA:549,0,4,0
BRDA:549,e0,5,0
BRDA:549,0,6,0
BRDA:549,e0,7,0
BRDA:549,0,8,0
BRDA:549,e0,9,0
BRDA:557,0,0,1
BRDA:557,e0,1,0
BRDA:557,0,2,0
BRDA:557,0,3,1
BRDA:557,0,4,0
BRDA:557,e0,5,0
BRDA:557,0,6,0
BRDA:557,e0,7,0
BRDA:557,0,8,0
BRDA:557,e0,9,0
BRDA:566,0,0,1
BRDA:566,e0,1,0
BRDA:566,0,2,0
BRDA:566,0,3,1
BRDA:566,0,4,0
BRDA:566,e0,5,0
BRDA:566,0,6,0
BRDA:566,e0,7,0
BRDA:566,0,8,0
BRDA:566,e0,9,0
BRDA:575,0,0,25
BRDA:575,0,1,1
BRDA:583,0,0,0
BRDA:583,0,1,1
BRDA:583,0,2,0
BRDA:583,e0,3,0
BRDA:583,0,4,0
BRDA:583,e0,5,0
BRDA:583,0,6,0
BRDA:583,e0,7,0
BRDA:583,0,8,0
BRDA:583,e0,9,0
BRDA:583,0,10,1
BRDA:583,0,11,0
BRDA:584,0,0,0
BRDA:584,0,1,1
BRDA:584,0,2,0
BRDA:584,e0,3,0
BRDA:584,0,4,0
BRDA:584,e0,5,0
BRDA:584,0,6,0
BRDA:584,e0,7,0
BRDA:584,0,8,0
BRDA:584,e0,9,0
BRDA:584,0,10,1
BRDA:584,0,11,0
BRDA:588,0,0,0
BRDA:588,0,1,1
BRDA:588,0,2,0
BRDA:588,e0,3,0
BRDA:588,0,4,0
BRDA:588,e0,5,0
BRDA:588,0,6,0
BRDA:588,e0,7,0
BRDA:588,0,8,0
BRDA:588,e0,9,0
BRDA:588,0,10,1
BRDA:588,0,11,0
BRDA:589,0,0,0
BRDA:589,0,1,1
BRDA:589,0,2,0
BRDA:589,e0,3,0
BRDA:589,0,4,0
BRDA:589,e0,5,0
BRDA:589,0,6,0
BRDA:589,e0,7,0
BRDA:589,0,8,0
BRDA:589,e0,9,0
BRDA:589,0,10,1
BRDA:589,0,11,0
BRDA:594,0,0,0
BRDA:594,0,1,1
BRDA:594,0,2,0
BRDA:594,e0,3,0
BRDA:594,0,4,0
BRDA:594,e0,5,0
BRDA:594,0,6,0
BRDA:594,e0,7,0
BRDA:594,0,8,0
BRDA:594,e0,9,0
BRF:728
BRH:128
DA:27,49
DA:28,49
DA:29,49
DA:30,49
DA:31,49
DA:32,49
DA:33,49
DA:34,49
DA:35,49
DA:37,34
DA:39,34
DA:42,18
DA:46,18
DA:53,4
DA:54,1
DA:55,1
DA:56,1
DA:58,4
DA:59,1
DA:60,1
DA:61,1
DA:63,4
DA:64,1
DA:65,1
DA:66,1
DA:68,4
DA:69,1
DA:70,1
DA:71,1
DA:72,1
DA:73,1
DA:75,4
DA:76,1
DA:77,1
DA:78,1
DA:82,4
DA:83,1
DA:84,1
DA:85,1
DA:87,1
DA:88,1
DA:90,4
DA:91,1
DA:92,1
DA:93,1
DA:95,1
DA:96,1
DA:98,4
DA:99,1
DA:100,1
DA:101,1
DA:103,1
DA:104,1
DA:110,4
DA:111,1
DA:112,1
DA:113,1
DA:114,1
DA:116,1
DA:117,1
DA:118,1
DA:119,1
DA:120,1
DA:121,1
DA:123,4
DA:124,1
DA:125,1
DA:126,1
DA:127,1
DA:128,1
DA:129,1
DA:130,1
DA:131,1
DA:132,1
DA:133,1
DA:135,4
DA:136,1
DA:137,1
DA:138,1
DA:139,1
DA:140,1
DA:141,1
DA:142,1
DA:143,1
DA:144,1
DA:145,1
DA:148,4
DA:149,1
DA:150,1
DA:151,1
DA:152,1
DA:154,4
DA:155,1
DA:156,1
DA:157,1
DA:158,1
DA:159,1
DA:161,4
DA:162,1
DA:163,1
DA:164,1
DA:165,1
DA:166,1
DA:167,1
DA:169,4
DA:170,1
DA:171,1
DA:172,1
DA:173,1
DA:174,1
DA:176,4
DA:177,1
DA:178,1
DA:179,1
DA:180,1
DA:181,1
DA:182,1
DA:184,4
DA:185,1
DA:186,1
DA:187,1
DA:188,1
DA:205,4
DA:206,1
DA:207,1
DA:210,1
DA:211,1
DA:214,1
DA:215,1
DA:217,1
DA:220,1
DA:221,1
DA:222,1
DA:223,1
DA:228,4
DA:229,1
DA:230,1
DA:231,1
DA:233,4
DA:234,1
DA:235,1
DA:236,1
DA:237,1
DA:239,4
DA:240,1
DA:241,1
DA:242,1
DA:243,1
DA:244,1
DA:246,4
DA:247,1
DA:248,1
DA:249,1
DA:250,1
DA:251,1
DA:253,4
DA:254,1
DA:255,1
DA:256,1
DA:257,1
DA:259,4
DA:260,1
DA:261,1
DA:262,1
DA:264,4
DA:265,1
DA:266,1
DA:267,1
DA:269,4
DA:270,1
DA:271,1
DA:272,1
DA:273,1
DA:274,1
DA:276,4
DA:277,1
DA:278,1
DA:279,1
DA:280,1
DA:282,4
DA:283,1
DA:284,1
DA:285,1
DA:286,1
DA:288,4
DA:289,1
DA:290,1
DA:291,1
DA:292,1
DA:293,1
DA:294,1
DA:296,4
DA:297,1
DA:298,1
DA:299,1
DA:301,4
DA:302,1
DA:303,1
DA:304,1
DA:309,4
DA:310,1
DA:311,1
DA:312,1
DA:315,1
DA:316,1
DA:319,1
DA:322,1
DA:325,1
DA:326,1
DA:328,4
DA:329,1
DA:330,1
DA:331,1
DA:332,1
DA:333,1
DA:334,1
DA:335,1
DA:337,4
DA:338,1
DA:339,1
DA:340,1
DA:342,1
DA:343,1
DA:345,1
DA:346,1
DA:348,1
DA:349,1
DA:362,4
DA:363,1
DA:364,1
DA:365,1
DA:367,1
DA:368,1
DA:396,4
DA:397,1
DA:398,1
DA:399,1
DA:402,1
DA:403,1
DA:404,1
DA:407,4
DA:408,1
DA:409,1
DA:410,1
DA:414,150
DA:415,149
DA:417,1
DA:420,1
DA:421,1
DA:422,1
DA:425,4
DA:426,1
DA:427,1
DA:429,1
DA:430,1
DA:432,1
DA:433,1
DA:436,4
DA:437,1
DA:438,1
DA:439,1
DA:441,4
DA:442,1
DA:443,1
DA:446,1
DA:450,1
DA:451,1
DA:455,4
DA:456,1
DA:457,1
DA:458,1
DA:461,26
DA:462,25
DA:466,1
DA:467,1
DA:468,1
DA:470,1
DA:471,1
DA:472,1
DA:477,4
DA:479,1
DA:480,1
DA:481,1
DA:482,1
DA:485,1
DA:486,1
DA:487,1
DA:489,1
DA:490,1
DA:495,4
DA:496,1
DA:497,1
DA:498,1
DA:501,26
DA:502,25
DA:506,1
DA:507,1
DA:508,1
DA:509,1
DA:512,1
DA:513,1
DA:515,1
DA:522,4
DA:523,1
DA:524,1
DA:527,1
DA:531,1
DA:533,1
DA:534,1
DA:537,4
DA:538,1
DA:539,1
DA:540,1
DA:541,1
DA:542,1
DA:545,4
DA:546,1
DA:547,1
DA:548,1
DA:549,1
DA:550,1
DA:553,4
DA:554,1
DA:555,1
DA:556,1
DA:557,1
DA:558,1
DA:560,4
DA:562,1
DA:563,1
DA:566,1
DA:567,1
DA:569,4
DA:570,1
DA:571,1
DA:572,1
DA:575,26
DA:576,25
DA:580,1
DA:581,1
DA:582,1
DA:583,1
DA:584,1
DA:587,1
DA:588,1
DA:589,1
DA:592,1
DA:594,1
LF:348
LH:348
end_of_record
TN:
SF:/home/krishna-inc-5836/Downloads/Task_2/Code/infusion_pump/tests/test_OcclusionMonitor.cpp
FN:102,102,_ZN51OcclusionMonitorTest_PressureDrops_ClearsAlarm_Test8TestBodyEv
FN:102,102,_ZN51OcclusionMonitorTest_PressureDrops_ClearsAlarm_TestC2Ev
FN:102,102,_ZN51OcclusionMonitorTest_PressureDrops_ClearsAlarm_TestD0Ev
FN:102,102,_ZN51OcclusionMonitorTest_PressureDrops_ClearsAlarm_TestD2Ev
FN:115,115,_ZN51OcclusionMonitorTest_TwoObservers_BothNotified_Test8TestBodyEv
FN:115,115,_ZN51OcclusionMonitorTest_TwoObservers_BothNotified_TestC2Ev
FN:115,115,_ZN51OcclusionMonitorTest_TwoObservers_BothNotified_TestD0Ev
FN:115,115,_ZN51OcclusionMonitorTest_TwoObservers_BothNotified_TestD2Ev
FN:127,127,_ZN60OcclusionMonitorTest_ResetBaseline_ClearsOcclusionState_Test8TestBodyEv
FN:127,127,_ZN60OcclusionMonitorTest_ResetBaseline_ClearsOcclusionState_TestC2Ev
FN:127,127,_ZN60OcclusionMonitorTest_ResetBaseline_ClearsOcclusionState_TestD0Ev
FN:127,127,_ZN60OcclusionMonitorTest_ResetBaseline_ClearsOcclusionState_TestD2Ev
FN:143,143,_ZN56OcclusionMonitorTest_LastPressure_UpdatedOnEachPoll_Test8TestBodyEv
FN:143,143,_ZN56OcclusionMonitorTest_LastPressure_UpdatedOnEachPoll_TestC2Ev
FN:143,143,_ZN56OcclusionMonitorTest_LastPressure_UpdatedOnEachPoll_TestD0Ev
FN:143,143,_ZN56OcclusionMonitorTest_LastPressure_UpdatedOnEachPoll_TestD2Ev
FN:153,153,_ZN48OcclusionMonitorTest_DefaultThreshold_50HPa_Test8TestBodyEv
FN:153,153,_ZN48OcclusionMonitorTest_DefaultThreshold_50HPa_TestC2Ev
FN:153,153,_ZN48OcclusionMonitorTest_DefaultThreshold_50HPa_TestD0Ev
FN:153,153,_ZN48OcclusionMonitorTest_DefaultThreshold_50HPa_TestD2Ev
FN:167,187,_ZN73OcclusionMonitorTest_BranchCoverage_HighPressureWhileAlreadyOccluded_Test8TestBodyEv
FN:167,187,_ZN73OcclusionMonitorTest_BranchCoverage_HighPressureWhileAlreadyOccluded_TestC2Ev
FN:167,187,_ZN73OcclusionMonitorTest_BranchCoverage_HighPressureWhileAlreadyOccluded_TestD0Ev
FN:167,187,_ZN73OcclusionMonitorTest_BranchCoverage_HighPressureWhileAlreadyOccluded_TestD2Ev
FN:18,23,_ZN20OcclusionMonitorTest5SetUpEv
FN:189,203,_ZN66OcclusionMonitorTest_BranchCoverage_IntermediateObserverCount_Test8TestBodyEv
FN:189,203,_ZN66OcclusionMonitorTest_BranchCoverage_IntermediateObserverCount_TestC2Ev
FN:189,203,_ZN66OcclusionMonitorTest_BranchCoverage_IntermediateObserverCount_TestD0Ev
FN:189,203,_ZN66OcclusionMonitorTest_BranchCoverage_IntermediateObserverCount_TestD2Ev
FN:27,27,_ZN42OcclusionMonitorTest_Register_Success_Test8TestBodyEv
FN:27,27,_ZN42OcclusionMonitorTest_Register_Success_TestC2Ev
FN:27,27,_ZN42OcclusionMonitorTest_Register_Success_TestD0Ev
FN:27,27,_ZN42OcclusionMonitorTest_Register_Success_TestD2Ev
FN:32,32,_ZN45OcclusionMonitorTest_Register_Null_Fails_Test8TestBodyEv
FN:32,32,_ZN45OcclusionMonitorTest_Register_Null_Fails_TestC2Ev
FN:32,32,_ZN45OcclusionMonitorTest_Register_Null_Fails_TestD0Ev
FN:32,32,_ZN45OcclusionMonitorTest_Register_Null_Fails_TestD2Ev
FN:37,37,_ZN50OcclusionMonitorTest_Register_TableFull_Fails_Test8TestBodyEv
FN:37,37,_ZN50OcclusionMonitorTest_Register_TableFull_Fails_TestC2Ev
FN:37,37,_ZN50OcclusionMonitorTest_Register_TableFull_Fails_TestD0Ev
FN:37,37,_ZN50OcclusionMonitorTest_Register_TableFull_Fails_TestD2Ev
FN:47,47,_ZN52OcclusionMonitorTest_FirstPoll_CapturesBaseline_Test8TestBodyEv
FN:47,47,_ZN52OcclusionMonitorTest_FirstPoll_CapturesBaseline_TestC2Ev
FN:47,47,_ZN52OcclusionMonitorTest_FirstPoll_CapturesBaseline_TestD0Ev
FN:47,47,_ZN52OcclusionMonitorTest_FirstPoll_CapturesBaseline_TestD2Ev
FN:54,54,_ZN47OcclusionMonitorTest_SensorNotReady_NoPoll_Test8TestBodyEv
FN:54,54,_ZN47OcclusionMonitorTest_SensorNotReady_NoPoll_TestC2Ev
FN:54,54,_ZN47OcclusionMonitorTest_SensorNotReady_NoPoll_TestD0Ev
FN:54,54,_ZN47OcclusionMonitorTest_SensorNotReady_NoPoll_TestD2Ev
FN:61,61,_ZN56OcclusionMonitorTest_PressureBelowThreshold_NoAlarm_Test8TestBodyEv
FN:61,61,_ZN56OcclusionMonitorTest_PressureBelowThreshold_NoAlarm_TestC2Ev
FN:61,61,_ZN56OcclusionMonitorTest_PressureBelowThreshold_NoAlarm_TestD0Ev
FN:61,61,_ZN56OcclusionMonitorTest_PressureBelowThreshold_NoAlarm_TestD2Ev
FN:71,71,_ZN57OcclusionMonitorTest_PressureAtThreshold_RaisesAlarm_Test8TestBodyEv
FN:71,71,_ZN57OcclusionMonitorTest_PressureAtThreshold_RaisesAlarm_TestC2Ev
FN:71,71,_ZN57OcclusionMonitorTest_PressureAtThreshold_RaisesAlarm_TestD0Ev
FN:71,71,_ZN57OcclusionMonitorTest_PressureAtThreshold_RaisesAlarm_TestD2Ev
FN:82,82,_ZN60OcclusionMonitorTest_PressureAboveThreshold_RaisesAlarm_Test8TestBodyEv
FN:82,82,_ZN60OcclusionMonitorTest_PressureAboveThreshold_RaisesAlarm_TestC2Ev
FN:82,82,_ZN60OcclusionMonitorTest_PressureAboveThreshold_RaisesAlarm_TestD0Ev
FN:82,82,_ZN60OcclusionMonitorTest_PressureAboveThreshold_RaisesAlarm_TestD2Ev
FN:92,92,_ZN63OcclusionMonitorTest_AlarmRaised_Idempotent_NoDoubleNotify_Test8TestBodyEv
FN:92,92,_ZN63OcclusionMonitorTest_AlarmRaised_Idempotent_NoDoubleNotify_TestC2Ev
FN:92,92,_ZN63OcclusionMonitorTest_AlarmRaised_Idempotent_NoDoubleNotify_TestD0Ev
FN:92,92,_ZN63OcclusionMonitorTest_AlarmRaised_Idempotent_NoDoubleNotify_TestD2Ev
FNDA:1,_ZN51OcclusionMonitorTest_PressureDrops_ClearsAlarm_Test8TestBodyEv
FNDA:1,_ZN51OcclusionMonitorTest_PressureDrops_ClearsAlarm_TestC2Ev
FNDA:1,_ZN51OcclusionMonitorTest_PressureDrops_ClearsAlarm_TestD0Ev
FNDA:1,_ZN51OcclusionMonitorTest_PressureDrops_ClearsAlarm_TestD2Ev
FNDA:1,_ZN51OcclusionMonitorTest_TwoObservers_BothNotified_Test8TestBodyEv
FNDA:1,_ZN51OcclusionMonitorTest_TwoObservers_BothNotified_TestC2Ev
FNDA:1,_ZN51OcclusionMonitorTest_TwoObservers_BothNotified_TestD0Ev
FNDA:1,_ZN51OcclusionMonitorTest_TwoObservers_BothNotified_TestD2Ev
FNDA:1,_ZN60OcclusionMonitorTest_ResetBaseline_ClearsOcclusionState_Test8TestBodyEv
FNDA:1,_ZN60OcclusionMonitorTest_ResetBaseline_ClearsOcclusionState_TestC2Ev
FNDA:1,_ZN60OcclusionMonitorTest_ResetBaseline_ClearsOcclusionState_TestD0Ev
FNDA:1,_ZN60OcclusionMonitorTest_ResetBaseline_ClearsOcclusionState_TestD2Ev
FNDA:1,_ZN56OcclusionMonitorTest_LastPressure_UpdatedOnEachPoll_Test8TestBodyEv
FNDA:1,_ZN56OcclusionMonitorTest_LastPressure_UpdatedOnEachPoll_TestC2Ev
FNDA:1,_ZN56OcclusionMonitorTest_LastPressure_UpdatedOnEachPoll_TestD0Ev
FNDA:1,_ZN56OcclusionMonitorTest_LastPressure_UpdatedOnEachPoll_TestD2Ev
FNDA:1,_ZN48OcclusionMonitorTest_DefaultThreshold_50HPa_Test8TestBodyEv
FNDA:1,_ZN48OcclusionMonitorTest_DefaultThreshold_50HPa_TestC2Ev
FNDA:1,_ZN48OcclusionMonitorTest_DefaultThreshold_50HPa_TestD0Ev
FNDA:1,_ZN48OcclusionMonitorTest_DefaultThreshold_50HPa_TestD2Ev
FNDA:1,_ZN73OcclusionMonitorTest_BranchCoverage_HighPressureWhileAlreadyOccluded_Test8TestBodyEv
FNDA:1,_ZN73OcclusionMonitorTest_BranchCoverage_HighPressureWhileAlreadyOccluded_TestC2Ev
FNDA:1,_ZN73OcclusionMonitorTest_BranchCoverage_HighPressureWhileAlreadyOccluded_TestD0Ev
FNDA:1,_ZN73OcclusionMonitorTest_BranchCoverage_HighPressureWhileAlreadyOccluded_TestD2Ev
FNDA:16,_ZN20OcclusionMonitorTest5SetUpEv
FNDA:1,_ZN66OcclusionMonitorTest_BranchCoverage_IntermediateObserverCount_Test8TestBodyEv
FNDA:1,_ZN66OcclusionMonitorTest_BranchCoverage_IntermediateObserverCount_TestC2Ev
FNDA:1,_ZN66OcclusionMonitorTest_BranchCoverage_IntermediateObserverCount_TestD0Ev
FNDA:1,_ZN66OcclusionMonitorTest_BranchCoverage_IntermediateObserverCount_TestD2Ev
FNDA:1,_ZN42OcclusionMonitorTest_Register_Success_Test8TestBodyEv
FNDA:1,_ZN42OcclusionMonitorTest_Register_Success_TestC2Ev
FNDA:1,_ZN42OcclusionMonitorTest_Register_Success_TestD0Ev
FNDA:1,_ZN42OcclusionMonitorTest_Register_Success_TestD2Ev
FNDA:1,_ZN45OcclusionMonitorTest_Register_Null_Fails_Test8TestBodyEv
FNDA:1,_ZN45OcclusionMonitorTest_Register_Null_Fails_TestC2Ev
FNDA:1,_ZN45OcclusionMonitorTest_Register_Null_Fails_TestD0Ev
FNDA:1,_ZN45OcclusionMonitorTest_Register_Null_Fails_TestD2Ev
FNDA:1,_ZN50OcclusionMonitorTest_Register_TableFull_Fails_Test8TestBodyEv
FNDA:1,_ZN50OcclusionMonitorTest_Register_TableFull_Fails_TestC2Ev
FNDA:1,_ZN50OcclusionMonitorTest_Register_TableFull_Fails_TestD0Ev
FNDA:1,_ZN50OcclusionMonitorTest_Register_TableFull_Fails_TestD2Ev
FNDA:1,_ZN52OcclusionMonitorTest_FirstPoll_CapturesBaseline_Test8TestBodyEv
FNDA:1,_ZN52OcclusionMonitorTest_FirstPoll_CapturesBaseline_TestC2Ev
FNDA:1,_ZN52OcclusionMonitorTest_FirstPoll_CapturesBaseline_TestD0Ev
FNDA:1,_ZN52OcclusionMonitorTest_FirstPoll_CapturesBaseline_TestD2Ev
FNDA:1,_ZN47OcclusionMonitorTest_SensorNotReady_NoPoll_Test8TestBodyEv
FNDA:1,_ZN47OcclusionMonitorTest_SensorNotReady_NoPoll_TestC2Ev
FNDA:1,_ZN47OcclusionMonitorTest_SensorNotReady_NoPoll_TestD0Ev
FNDA:1,_ZN47OcclusionMonitorTest_SensorNotReady_NoPoll_TestD2Ev
FNDA:1,_ZN56OcclusionMonitorTest_PressureBelowThreshold_NoAlarm_Test8TestBodyEv
FNDA:1,_ZN56OcclusionMonitorTest_PressureBelowThreshold_NoAlarm_TestC2Ev
FNDA:1,_ZN56OcclusionMonitorTest_PressureBelowThreshold_NoAlarm_TestD0Ev
FNDA:1,_ZN56OcclusionMonitorTest_PressureBelowThreshold_NoAlarm_TestD2Ev
FNDA:1,_ZN57OcclusionMonitorTest_PressureAtThreshold_RaisesAlarm_Test8TestBodyEv
FNDA:1,_ZN57OcclusionMonitorTest_PressureAtThreshold_RaisesAlarm_TestC2Ev
FNDA:1,_ZN57OcclusionMonitorTest_PressureAtThreshold_RaisesAlarm_TestD0Ev
FNDA:1,_ZN57OcclusionMonitorTest_PressureAtThreshold_RaisesAlarm_TestD2Ev
FNDA:1,_ZN60OcclusionMonitorTest_PressureAboveThreshold_RaisesAlarm_Test8TestBodyEv
FNDA:1,_ZN60OcclusionMonitorTest_PressureAboveThreshold_RaisesAlarm_TestC2Ev
FNDA:1,_ZN60OcclusionMonitorTest_PressureAboveThreshold_RaisesAlarm_TestD0Ev
FNDA:1,_ZN60OcclusionMonitorTest_PressureAboveThreshold_RaisesAlarm_TestD2Ev
FNDA:1,_ZN63OcclusionMonitorTest_AlarmRaised_Idempotent_NoDoubleNotify_Test8TestBodyEv
FNDA:1,_ZN63OcclusionMonitorTest_AlarmRaised_Idempotent_NoDoubleNotify_TestC2Ev
FNDA:1,_ZN63OcclusionMonitorTest_AlarmRaised_Idempotent_NoDoubleNotify_TestD0Ev
FNDA:1,_ZN63OcclusionMonitorTest_AlarmRaised_Idempotent_NoDoubleNotify_TestD2Ev
FNF:65
FNH:65
BRDA:28,0,0,0
BRDA:28,0,1,1
BRDA:28,0,2,0
BRDA:28,e0,3,0
BRDA:28,0,4,0
BRDA:28,e0,5,0
BRDA:28,0,6,0
BRDA:28,e0,7,0
BRDA:28,0,8,0
BRDA:28,e0,9,0
BRDA:29,0,0,1
BRDA:29,e0,1,0
BRDA:29,0,2,0
BRDA:29,0,3,1
BRDA:29,0,4,0
BRDA:29,e0,5,0
BRDA:29,0,6,0
BRDA:29,e0,7,0
BRDA:29,0,8,0
BRDA:29,e0,9,0
BRDA:33,0,0,0
BRDA:33,0,1,1
BRDA:33,0,2,0
BRDA:33,e0,3,0
BRDA:33,0,4,0
BRDA:33,e0,5,0
BRDA:33,0,6,0
BRDA:33,e0,7,0
BRDA:33,0,8,0
BRDA:33,e0,9,0
BRDA:34,0,0,1
BRDA:34,e0,1,0
BRDA:34,0,2,0
BRDA:34,0,3,1
BRDA:34,0,4,0
BRDA:34,e0,5,0
BRDA:34,0,6,0
BRDA:34,e0,7,0
BRDA:34,0,8,0
BRDA:34,e0,9,0
BRDA:42,0,0,0
BRDA:42,0,1,1
BRDA:42,0,2,0
BRDA:42,e0,3,0
BRDA:42,0,4,0
BRDA:42,e0,5,0
BRDA:42,0,6,0
BRDA:42,e0,7,0
BRDA:42,0,8,0
BRDA:42,e0,9,0
BRDA:43,0,0,1
BRDA:43,e0,1,0
BRDA:43,0,2,0
BRDA:43,0,3,1
BRDA:43,0,4,0
BRDA:43,e0,5,0
BRDA:43,0,6,0
BRDA:43,e0,7,0
BRDA:43,0,8,0
BRDA:43,e0,9,0
BRDA:50,0,0,1
BRDA:50,e0,1,0
BRDA:50,0,2,0
BRDA:50,0,3,1
BRDA:50,0,4,0
BRDA:50,e0,5,0
BRDA:50,0,6,0
BRDA:50,e0,7,0
BRDA:50,0,8,0
BRDA:50,e0,9,0
BRDA:51,0,0,0
BRDA:51,0,1,1
BRDA:51,0,2,0
BRDA:51,e0,3,0
BRDA:51,0,4,0
BRDA:51,e0,5,0
BRDA:51,0,6,0
BRDA:51,e0,7,0
BRDA:51,0,8,0
BRDA:51,e0,9,0
BRDA:57,0,0,1
BRDA:57,e0,1,0
BRDA:57,0,2,0
BRDA:57,0,3,1
BRDA:57,0,4,0
BRDA:57,e0,5,0
BRDA:57,0,6,0
BRDA:57,e0,7,0
BRDA:57,0,8,0
BRDA:57,e0,9,0
BRDA:67,0,0,0
BRDA:67,0,1,1
BRDA:67,0,2,0
BRDA:67,e0,3,0
BRDA:67,0,4,0
BRDA:67,e0,5,0
BRDA:67,0,6,0
BRDA:67,e0,7,0
BRDA:67,0,8,0
BRDA:67,e0,9,0
BRDA:68,0,0,1
BRDA:68,e0,1,0
BRDA:68,0,2,0
BRDA:68,0,3,1
BRDA:68,0,4,0
BRDA:68,e0,5,0
BRDA:68,0,6,0
BRDA:68,e0,7,0
BRDA:68,0,8,0
BRDA:68,e0,9,0
BRDA:77,0,0,0
BRDA:77,0,1,1
BRDA:77,0,2,0
BRDA:77,e0,3,0
BRDA:77,0,4,0
BRDA:77,e0,5,0
BRDA:77,0,6,0
BRDA:77,e0,7,0
BRDA:77,0,8,0
BRDA:77,e0,9,0
BRDA:78,0,0,1
BRDA:78,e0,1,0
BRDA:78,0,2,0
BRDA:78,0,3,1
BRDA:78,0,4,0
BRDA:78,e0,5,0
BRDA:78,0,6,0
BRDA:78,e0,7,0
BRDA:78,0,8,0
BRDA:78,e0,9,0
BRDA:79,0,0,1
BRDA:79,e0,1,0
BRDA:79,0,2,0
BRDA:79,0,3,1
BRDA:79,0,4,0
BRDA:79,e0,5,0
BRDA:79,0,6,0
BRDA:79,e0,7,0
BRDA:79,0,8,0
BRDA:79,e0,9,0
BRDA:88,0,0,0
BRDA:88,0,1,1
BRDA:88,0,2,0
BRDA:88,e0,3,0
BRDA:88,0,4,0
BRDA:88,e0,5,0
BRDA:88,0,6,0
BRDA:88,e0,7,0
BRDA:88,0,8,0
BRDA:88,e0,9,0
BRDA:89,0,0,1
BRDA:89,e0,1,0
BRDA:89,0,2,0
BRDA:89,0,3,1
BRDA:89,0,4,0
BRDA:89,e0,5,0
BRDA:89,0,6,0
BRDA:89,e0,7,0
BRDA:89,0,8,0
BRDA:89,e0,9,0
BRDA:99,0,0,1
BRDA:99,e0,1,0
BRDA:99,0,2,0
BRDA:99,0,3,1
BRDA:99,0,4,0
BRDA:99,e0,5,0
BRDA:99,0,6,0
BRDA:99,e0,7,0
BRDA:99,0,8,0
BRDA:99,e0,9,0
BRDA:110,0,0,0
BRDA:110,0,1,1
BRDA:110,0,2,0
BRDA:110,e0,3,0
BRDA:110,0,4,0
BRDA:110,e0,5,0
BRDA:110,0,6,0
BRDA:110,e0,7,0
BRDA:110,0,8,0
BRDA:110,e0,9,0
BRDA:111,0,0,1
BRDA:111,e0,1,0
BRDA:111,0,2,0
BRDA:111,0,3,1
BRDA:111,0,4,0
BRDA:111,e0,5,0
BRDA:111,0,6,0
BRDA:111,e0,7,0
BRDA:111,0,8,0
BRDA:111,e0,9,0
BRDA:112,0,0,1
BRDA:112,e0,1,0
BRDA:112,0,2,0
BRDA:112,0,3,1
BRDA:112,0,4,0
BRDA:112,e0,5,0
BRDA:112,0,6,0
BRDA:112,e0,7,0
BRDA:112,0,8,0
BRDA:112,e0,9,0
BRDA:122,0,0,1
BRDA:122,e0,1,0
BRDA:122,0,2,0
BRDA:122,0,3,1
BRDA:122,0,4,0
BRDA:122,e0,5,0
BRDA:122,0,6,0
BRDA:122,e0,7,0
BRDA:122,0,8,0
BRDA:122,e0,9,0
BRDA:123,0,0,1
BRDA:123,e0,1,0
BRDA:123,0,2,0
BRDA:123,0,3,1
BRDA:123,0,4,0
BRDA:123,e0,5,0
BRDA:123,0,6,0
BRDA:123,e0,7,0
BRDA:123,0,8,0
BRDA:123,e0,9,0
BRDA:134,0,0,0
BRDA:134,0,1,1
BRDA:134,0,2,0
BRDA:134,e0,3,0
BRDA:134,0,4,0
BRDA:134,e0,5,0
BRDA:134,0,6,0
BRDA:134,e0,7,0
BRDA:134,0,8,0
BRDA:134,e0,9,0
BRDA:138,0,0,1
BRDA:138,e0,1,0
BRDA:138,0,2,0
BRDA:138,0,3,1
BRDA:138,0,4,0
BRDA:138,e0,5,0
BRDA:138,0,6,0
BRDA:138,e0,7,0
BRDA:138,0,8,0
BRDA:138,e0,9,0
BRDA:139,0,0,0
BRDA:139,0,1,1
BRDA:139,0,2,0
BRDA:139,e0,3,0
BRDA:139,0,4,0
BRDA:139,e0,5,0
BRDA:139,0,6,0
BRDA:139,e0,7,0
BRDA:139,0,8,0
BRDA:139,e0,9,0
BRDA:146,0,0,1
BRDA:146,e0,1,0
BRDA:146,0,2,0
BRDA:146,0,3,1
BRDA:146,0,4,0
BRDA:146,e0,5,0
BRDA:146,0,6,0
BRDA:146,e0,7,0
BRDA:146,0,8,0
BRDA:146,e0,9,0
BRDA:149,0,0,1
BRDA:149,e0,1,0
BRDA:149,0,2,0
BRDA:149,0,3,1
BRDA:149,0,4,0
BRDA:149,e0,5,0
BRDA:149,0,6,0
BRDA:149,e0,7,0
BRDA:149,0,8,0
BRDA:149,e0,9,0
BRDA:162,0,0,0
BRDA:162,0,1,1
BRDA:162,0,2,0
BRDA:162,e0,3,0
BRDA:162,0,4,0
BRDA:162,e0,5,0
BRDA:162,0,6,0
BRDA:162,e0,7,0
BRDA:162,0,8,0
BRDA:162,e0,9,0
BRDA:165,0,0,0
BRDA:165,0,1,1
BRDA:165,0,2,0
BRDA:165,e0,3,0
BRDA:165,0,4,0
BRDA:165,e0,5,0
BRDA:165,0,6,0
BRDA:165,e0,7,0
BRDA:165,0,8,0
BRDA:165,e0,9,0
BRDA:177,0,0,0
BRDA:177,0,1,1
BRDA:177,0,2,0
BRDA:177,e0,3,0
BRDA:177,0,4,0
BRDA:177,e0,5,0
BRDA:177,0,6,0
BRDA:177,e0,7,0
BRDA:177,0,8,0
BRDA:177,e0,9,0
BRDA:177,0,10,1
BRDA:177,0,11,0
BRDA:185,0,0,0
BRDA:185,0,1,1
BRDA:185,0,2,0
BRDA:185,e0,3,0
BRDA:185,0,4,0
BRDA:185,e0,5,0
BRDA:185,0,6,0
BRDA:185,e0,7,0
BRDA:185,0,8,0
BRDA:185,e0,9,0
BRDA:186,0,0,1
BRDA:186,e0,1,0
BRDA:186,0,2,0
BRDA:186,0,3,1
BRDA:186,0,4,0
BRDA:186,e0,5,0
BRDA:186,0,6,0
BRDA:186,e0,7,0
BRDA:186,0,8,0
BRDA:186,e0,9,0
BRDA:192,0,0,1
BRDA:192,e0,1,0
BRDA:192,0,2,0
BRDA:192,0,3,1
BRDA:192,0,4,0
BRDA:192,e0,5,0
BRDA:192,0,6,0
BRDA:192,e0,7,0
BRDA:192,0,8,0
BRDA:192,e0,9,0
BRDA:192,0,10,1
BRDA:192,0,11,0
BRDA:201,0,0,0
BRDA:201,0,1,1
BRDA:201,0,2,0
BRDA:201,e0,3,0
BRDA:201,0,4,0
BRDA:201,e0,5,0
BRDA:201,0,6,0
BRDA:201,e0,7,0
BRDA:201,0,8,0
BRDA:201,e0,9,0
BRDA:202,0,0,1
BRDA:202,e0,1,0
BRDA:202,0,2,0
BRDA:202,0,3,1
BRDA:202,0,4,0
BRDA:202,e0,5,0
BRDA:202,0,6,0
BRDA:202,e0,7,0
BRDA:202,0,8,0
BRDA:202,e0,9,0
BRF:354
BRH:57
DA:18,16
DA:19,16
DA:20,16
DA:21,16
DA:22,16
DA:23,16
DA:27,4
DA:28,1
DA:29,1
DA:30,1
DA:32,4
DA:33,1
DA:34,1
DA:35,1
DA:37,4
DA:38,1
DA:39,1
DA:40,1
DA:41,1
DA:42,1
DA:43,1
DA:44,1
DA:47,4
DA:48,1
DA:49,1
DA:50,1
DA:51,1
DA:52,1
DA:54,4
DA:55,1
DA:56,1
DA:57,1
DA:58,1
DA:61,4
DA:62,1
DA:63,1
DA:64,1
DA:65,1
DA:66,1
DA:67,1
DA:68,1
DA:69,1
DA:71,4
DA:72,1
DA:73,1
DA:74,1
DA:75,1
DA:76,1
DA:77,1
DA:78,1
DA:79,1
DA:80,1
DA:82,4
DA:83,1
DA:84,1
DA:85,1
DA:86,1
DA:87,1
DA:88,1
DA:89,1
DA:90,1
DA:92,4
DA:93,1
DA:94,1
DA:95,1
DA:96,1
DA:97,1
DA:98,1
DA:99,1
DA:100,1
DA:102,4
DA:103,1
DA:104,1
DA:105,1
DA:106,1
DA:107,1
DA:108,1
DA:109,1
DA:110,1
DA:111,1
DA:112,1
DA:113,1
DA:115,4
DA:116,1
DA:117,1
DA:118,1
DA:119,1
DA:120,1
DA:121,1
DA:122,1
DA:123,1
DA:124,1
DA:127,4
DA:128,1
DA:129,1
DA:130,1
DA:131,1
DA:132,1
DA:133,1
DA:134,1
DA:136,1
DA:137,1
DA:138,1
DA:139,1
DA:140,1
DA:143,4
DA:144,1
DA:145,1
DA:146,1
DA:147,1
DA:148,1
DA:149,1
DA:150,1
DA:153,4
DA:156,1
DA:157,1
DA:158,1
DA:159,1
DA:160,1
DA:161,1
DA:162,1
DA:163,1
DA:164,1
DA:165,1
DA:166,1
DA:167,4
DA:168,1
DA:171,1
DA:172,1
DA:175,1
DA:176,1
DA:177,1
DA:182,1
DA:183,1
DA:185,1
DA:186,1
DA:189,4
DA:191,1
DA:192,1
DA:194,1
DA:195,1
DA:198,1
DA:199,1
DA:201,1
DA:202,1
LF:145
LH:145
end_of_record
TN:
SF:/home/krishna-inc-5836/Downloads/Task_2/Code/infusion_pump/tests/test_VolumeTracker.cpp
FN:10,10,_ZN32VolumeTracker_OneTick_OneUL_Test8TestBodyEv
FN:10,10,_ZN32VolumeTracker_OneTick_OneUL_TestC2Ev
FN:10,10,_ZN32VolumeTracker_OneTick_OneUL_TestD0Ev
FN:10,10,_ZN32VolumeTracker_OneTick_OneUL_TestD2Ev
FN:17,17,_ZN42VolumeTracker_BulkTicks_CorrectVolume_Test8TestBodyEv
FN:17,17,_ZN42VolumeTracker_BulkTicks_CorrectVolume_TestC2Ev
FN:17,17,_ZN42VolumeTracker_BulkTicks_CorrectVolume_TestD0Ev
FN:17,17,_ZN42VolumeTracker_BulkTicks_CorrectVolume_TestD2Ev
FN:24,24,_ZN43VolumeTracker_MultipleCalls_Cumulative_Test8TestBodyEv
FN:24,24,_ZN43VolumeTracker_MultipleCalls_Cumulative_TestC2Ev
FN:24,24,_ZN43VolumeTracker_MultipleCalls_Cumulative_TestD0Ev
FN:24,24,_ZN43VolumeTracker_MultipleCalls_Cumulative_TestD2Ev
FN:33,33,_ZN34VolumeTracker_Reset_ClearsAll_Test8TestBodyEv
FN:33,33,_ZN34VolumeTracker_Reset_ClearsAll_TestC2Ev
FN:33,33,_ZN34VolumeTracker_Reset_ClearsAll_TestD0Ev
FN:33,33,_ZN34VolumeTracker_Reset_ClearsAll_TestD2Ev
FN:4,4,_ZN34VolumeTracker_Initial_AllZero_Test8TestBodyEv
FN:4,4,_ZN34VolumeTracker_Initial_AllZero_TestC2Ev
FN:4,4,_ZN34VolumeTracker_Initial_AllZero_TestD0Ev
FN:4,4,_ZN34VolumeTracker_Initial_AllZero_TestD2Ev
FN:41,41,_ZN37VolumeTracker_ZeroTicks_NoChange_Test8TestBodyEv
FN:41,41,_ZN37VolumeTracker_ZeroTicks_NoChange_TestC2Ev
FN:41,41,_ZN37VolumeTracker_ZeroTicks_NoChange_TestD0Ev
FN:41,41,_ZN37VolumeTracker_ZeroTicks_NoChange_TestD2Ev
FN:49,49,_ZN41VolumeTracker_LargeAccumulation_10mL_Test8TestBodyEv
FN:49,49,_ZN41VolumeTracker_LargeAccumulation_10mL_TestC2Ev
FN:49,49,_ZN41VolumeTracker_LargeAccumulation_10mL_TestD0Ev
FN:49,49,_ZN41VolumeTracker_LargeAccumulation_10mL_TestD2Ev
FN:55,62,_ZN38VolumeTracker_ResetThenAccumulate_Test8TestBodyEv
FN:55,62,_ZN38VolumeTracker_ResetThenAccumulate_TestC2Ev
FN:55,62,_ZN38VolumeTracker_ResetThenAccumulate_TestD0Ev
FN:55,62,_ZN38VolumeTracker_ResetThenAccumulate_TestD2Ev
FN:64,64,_ZN40VolumeTracker_MaxRate_500mLhr_60min_Test8TestBodyEv
FN:64,64,_ZN40VolumeTracker_MaxRate_500mLhr_60min_TestC2Ev
FN:64,64,_ZN40VolumeTracker_MaxRate_500mLhr_60min_TestD0Ev
FN:64,64,_ZN40VolumeTracker_MaxRate_500mLhr_60min_TestD2Ev
FNDA:1,_ZN32VolumeTracker_OneTick_OneUL_Test8TestBodyEv
FNDA:1,_ZN32VolumeTracker_OneTick_OneUL_TestC2Ev
FNDA:1,_ZN32VolumeTracker_OneTick_OneUL_TestD0Ev
FNDA:1,_ZN32VolumeTracker_OneTick_OneUL_TestD2Ev
FNDA:1,_ZN42VolumeTracker_BulkTicks_CorrectVolume_Test8TestBodyEv
FNDA:1,_ZN42VolumeTracker_BulkTicks_CorrectVolume_TestC2Ev
FNDA:1,_ZN42VolumeTracker_BulkTicks_CorrectVolume_TestD0Ev
FNDA:1,_ZN42VolumeTracker_BulkTicks_CorrectVolume_TestD2Ev
FNDA:1,_ZN43VolumeTracker_MultipleCalls_Cumulative_Test8TestBodyEv
FNDA:1,_ZN43VolumeTracker_MultipleCalls_Cumulative_TestC2Ev
FNDA:1,_ZN43VolumeTracker_MultipleCalls_Cumulative_TestD0Ev
FNDA:1,_ZN43VolumeTracker_MultipleCalls_Cumulative_TestD2Ev
FNDA:1,_ZN34VolumeTracker_Reset_ClearsAll_Test8TestBodyEv
FNDA:1,_ZN34VolumeTracker_Reset_ClearsAll_TestC2Ev
FNDA:1,_ZN34VolumeTracker_Reset_ClearsAll_TestD0Ev
FNDA:1,_ZN34VolumeTracker_Reset_ClearsAll_TestD2Ev
FNDA:1,_ZN34VolumeTracker_Initial_AllZero_Test8TestBodyEv
FNDA:1,_ZN34VolumeTracker_Initial_AllZero_TestC2Ev
FNDA:1,_ZN34VolumeTracker_Initial_AllZero_TestD0Ev
FNDA:1,_ZN34VolumeTracker_Initial_AllZero_TestD2Ev
FNDA:1,_ZN37VolumeTracker_ZeroTicks_NoChange_Test8TestBodyEv
FNDA:1,_ZN37VolumeTracker_ZeroTicks_NoChange_TestC2Ev
FNDA:1,_ZN37VolumeTracker_ZeroTicks_NoChange_TestD0Ev
FNDA:1,_ZN37VolumeTracker_ZeroTicks_NoChange_TestD2Ev
FNDA:1,_ZN41VolumeTracker_LargeAccumulation_10mL_Test8TestBodyEv
FNDA:1,_ZN41VolumeTracker_LargeAccumulation_10mL_TestC2Ev
FNDA:1,_ZN41VolumeTracker_LargeAccumulation_10mL_TestD0Ev
FNDA:1,_ZN41VolumeTracker_LargeAccumulation_10mL_TestD2Ev
FNDA:1,_ZN38VolumeTracker_ResetThenAccumulate_Test8TestBodyEv
FNDA:1,_ZN38VolumeTracker_ResetThenAccumulate_TestC2Ev
FNDA:1,_ZN38VolumeTracker_ResetThenAccumulate_TestD0Ev
FNDA:1,_ZN38VolumeTracker_ResetThenAccumulate_TestD2Ev
FNDA:1,_ZN40VolumeTracker_MaxRate_500mLhr_60min_Test8TestBodyEv
FNDA:1,_ZN40VolumeTracker_MaxRate_500mLhr_60min_TestC2Ev
FNDA:1,_ZN40VolumeTracker_MaxRate_500mLhr_60min_TestD0Ev
FNDA:1,_ZN40VolumeTracker_MaxRate_500mLhr_60min_TestD2Ev
FNF:36
FNH:36
BRDA:6,0,0,1
BRDA:6,e0,1,0
BRDA:6,0,2,0
BRDA:6,0,3,1
BRDA:6,0,4,0
BRDA:6,e0,5,0
BRDA:6,0,6,0
BRDA:6,e0,7,0
BRDA:6,0,8,0
BRDA:6,e0,9,0
BRDA:7,0,0,1
BRDA:7,e0,1,0
BRDA:7,0,2,0
BRDA:7,0,3,1
BRDA:7,0,4,0
BRDA:7,e0,5,0
BRDA:7,0,6,0
BRDA:7,e0,7,0
BRDA:7,0,8,0
BRDA:7,e0,9,0
BRDA:13,0,0,1
BRDA:13,e0,1,0
BRDA:13,0,2,0
BRDA:13,0,3,1
BRDA:13,0,4,0
BRDA:13,e0,5,0
BRDA:13,0,6,0
BRDA:13,e0,7,0
BRDA:13,0,8,0
BRDA:13,e0,9,0
BRDA:14,0,0,1
BRDA:14,e0,1,0
BRDA:14,0,2,0
BRDA:14,0,3,1
BRDA:14,0,4,0
BRDA:14,e0,5,0
BRDA:14,0,6,0
BRDA:14,e0,7,0
BRDA:14,0,8,0
BRDA:14,e0,9,0
BRDA:20,0,0,1
BRDA:20,e0,1,0
BRDA:20,0,2,0
BRDA:20,0,3,1
BRDA:20,0,4,0
BRDA:20,e0,5,0
BRDA:20,0,6,0
BRDA:20,e0,7,0
BRDA:20,0,8,0
BRDA:20,e0,9,0
BRDA:21,0,0,1
BRDA:21,e0,1,0
BRDA:21,0,2,0
BRDA:21,0,3,1
BRDA:21,0,4,0
BRDA:21,e0,5,0
BRDA:21,0,6,0
BRDA:21,e0,7,0
BRDA:21,0,8,0
BRDA:21,e0,9,0
BRDA:29,0,0,1
BRDA:29,e0,1,0
BRDA:29,0,2,0
BRDA:29,0,3,1
BRDA:29,0,4,0
BRDA:29,e0,5,0
BRDA:29,0,6,0
BRDA:29,e0,7,0
BRDA:29,0,8,0
BRDA:29,e0,9,0
BRDA:30,0,0,1
BRDA:30,e0,1,0
BRDA:30,0,2,0
BRDA:30,0,3,1
BRDA:30,0,4,0
BRDA:30,e0,5,0
BRDA:30,0,6,0
BRDA:30,e0,7,0
BRDA:30,0,8,0
BRDA:30,e0,9,0
BRDA:37,0,0,1
BRDA:37,e0,1,0
BRDA:37,0,2,0
BRDA:37,0,3,1
BRDA:37,0,4,0
BRDA:37,e0,5,0
BRDA:37,0,6,0
BRDA:37,e0,7,0
BRDA:37,0,8,0
BRDA:37,e0,9,0
BRDA:38,0,0,1
BRDA:38,e0,1,0
BRDA:38,0,2,0
BRDA:38,0,3,1
BRDA:38,0,4,0
BRDA:38,e0,5,0
BRDA:38,0,6,0
BRDA:38,e0,7,0
BRDA:38,0,8,0
BRDA:38,e0,9,0
BRDA:46,0,0,1
BRDA:46,e0,1,0
BRDA:46,0,2,0
BRDA:46,0,3,1
BRDA:46,0,4,0
BRDA:46,e0,5,0
BRDA:46,0,6,0
BRDA:46,e0,7,0
BRDA:46,0,8,0
BRDA:46,e0,9,0
BRDA:52,0,0,1
BRDA:52,e0,1,0
BRDA:52,0,2,0
BRDA:52,0,3,1
BRDA:52,0,4,0
BRDA:52,e0,5,0
BRDA:52,0,6,0
BRDA:52,e0,7,0
BRDA:52,0,8,0
BRDA:52,e0,9,0
BRDA:60,0,0,1
BRDA:60,e0,1,0
BRDA:60,0,2,0
BRDA:60,0,3,1
BRDA:60,0,4,0
BRDA:60,e0,5,0
BRDA:60,0,6,0
BRDA:60,e0,7,0
BRDA:60,0,8,0
BRDA:60,e0,9,0
BRDA:61,0,0,1
BRDA:61,e0,1,0
BRDA:61,0,2,0
BRDA:61,0,3,1
BRDA:61,0,4,0
BRDA:61,e0,5,0
BRDA:61,0,6,0
BRDA:61,e0,7,0
BRDA:61,0,8,0
BRDA:61,e0,9,0
BRDA:68,0,0,1
BRDA:68,e0,1,0
BRDA:68,0,2,0
BRDA:68,0,3,1
BRDA:68,0,4,0
BRDA:68,e0,5,0
BRDA:68,0,6,0
BRDA:68,e0,7,0
BRDA:68,0,8,0
BRDA:68,e0,9,0
BRF:150
BRH:30
DA:4,4
DA:5,1
DA:6,1
DA:7,1
DA:8,1
DA:10,4
DA:11,1
DA:12,1
DA:13,1
DA:14,1
DA:15,1
DA:17,4
DA:18,1
DA:19,1
DA:20,1
DA:21,1
DA:22,1
DA:24,4
DA:25,1
DA:26,1
DA:27,1
DA:28,1
DA:29,1
DA:30,1
DA:31,1
DA:33,4
DA:34,1
DA:35,1
DA:36,1
DA:37,1
DA:38,1
DA:39,1
DA:41,4
DA:42,1
DA:43,1
DA:44,1
DA:45,1
DA:46,1
DA:47,1
DA:49,4
DA:50,1
DA:51,1
DA:52,1
DA:53,1
DA:55,4
DA:56,1
DA:57,1
DA:58,1
DA:59,1
DA:60,1
DA:61,1
DA:62,1
DA:64,4
DA:65,1
DA:67,1
DA:68,1
DA:69,1
LF:57
LH:57
end_of_record
TN:
SF:/usr/include/c++/13/array
FN:115,116,_ZNSt5arrayI9AlarmTypeLm16EE4fillERKS0_
FN:115,116,_ZNSt5arrayIP14IAlarmObserverLm4EE4fillERKS1_
FN:126,127,_ZNSt5arrayI9AlarmTypeLm16EE5beginEv
[...]
FN:457,457,_ZN7testing8internal15TestFactoryImplI48InfusionModeTest_Constant_ComputeRate_1mLhr_TestE10CreateTestEv
FN:457,457,_ZN7testing8internal15TestFactoryImplI48InfusionModeTest_Ramp_TargetRate_Accessible_TestE10CreateTestEv
FN:457,457,_ZN7testing8internal15TestFactoryImplI48OcclusionMonitorTest_DefaultThreshold_50HPa_TestE10CreateTestEv
FN:457,457,_ZN7testing8internal15TestFactoryImplI50InfusionModeTest_Constant_ComputeRate_500mLhr_TestE10CreateTestEv
FN:457,457,_ZN7testing8internal15TestFactoryImplI50InfusionModeTest_ModeSwitch_NullMode_NoChange_TestE10CreateTestEv
FN:457,457,_ZN7testing8internal15TestFactoryImplI50OcclusionMonitorTest_Register_TableFull_Fails_TestE10CreateTestEv
FN:457,457,_ZN7testing8internal15TestFactoryImplI51InfusionModeTest_Constant_StepInterval_At1mLhr_TestE10CreateTestEv
FN:457,457,_ZN7testing8internal15TestFactoryImplI51OcclusionMonitorTest_PressureDrops_ClearsAlarm_TestE10CreateTestEv
FN:457,457,_ZN7testing8internal15TestFactoryImplI51OcclusionMonitorTest_TwoObservers_BothNotified_TestE10CreateTestEv
FN:457,457,_ZN7testing8internal15TestFactoryImplI52InfusionModeTest_Ramp_ResetRamp_GoesBackToStart_TestE10CreateTestEv
FN:457,457,_ZN7testing8internal15TestFactoryImplI52OcclusionMonitorTest_FirstPoll_CapturesBaseline_TestE10CreateTestEv
FN:457,457,_ZN7testing8internal15TestFactoryImplI53InfusionModeTest_Constant_StepInterval_At120mLhr_TestE10CreateTestEv
FN:457,457,_ZN7testing8internal15TestFactoryImplI53InfusionModeTest_Constant_StepInterval_At500mLhr_TestE10CreateTestEv
FN:457,457,_ZN7testing8internal15TestFactoryImplI54InfusionModeTest_Constant_InitialState_NotRunning_TestE10CreateTestEv
FN:457,457,_ZN7testing8internal15TestFactoryImplI54InfusionModeTest_Constant_Occlusion_StopsInfusion_TestE10CreateTestEv
FN:457,457,_ZN7testing8internal15TestFactoryImplI54InfusionModeTest_Constant_RateBelowMin_ClampedTo1_TestE10CreateTestEv
FN:457,457,_ZN7testing8internal15TestFactoryImplI54InfusionModeTest_Ramp_ElapsedUs_AdvancesCorrectly_TestE10CreateTestEv
FN:457,457,_ZN7testing8internal15TestFactoryImplI54InfusionModeTest_Ramp_ElapsedUs_ClampedAtDuration_TestE10CreateTestEv
FN:457,457,_ZN7testing8internal15TestFactoryImplI54InfusionModeTest_Tick_WhenNotRunning_ReturnsEarly_TestE10CreateTestEv
FN:457,457,_ZN7testing8internal15TestFactoryImplI55InfusionModeTest_Constant_RunWhileStopped_NoEffect_TestE10CreateTestEv
FN:457,457,_ZN7testing8internal15TestFactoryImplI55InfusionModeTest_Ramp_RampComplete_False_Initially_TestE10CreateTestEv
FN:457,457,_ZN7testing8internal15TestFactoryImplI56InfusionModeTest_Constant_GetRate_ReturnsConfigured_TestE10CreateTestEv
FN:457,457,_ZN7testing8internal15TestFactoryImplI56InfusionModeTest_Constant_RateAboveMax_ClampedTo500_TestE10CreateTestEv
FN:457,457,_ZN7testing8internal15TestFactoryImplI56InfusionModeTest_Constant_SetRate_UpdatesOnNextCall_TestE10CreateTestEv
FN:457,457,_ZN7testing8internal15TestFactoryImplI56OcclusionMonitorTest_LastPressure_UpdatedOnEachPoll_TestE10CreateTestEv
FN:457,457,_ZN7testing8internal15TestFactoryImplI56OcclusionMonitorTest_PressureBelowThreshold_NoAlarm_TestE10CreateTestEv
FN:457,457,_ZN7testing8internal15TestFactoryImplI57InfusionModeTest_Constant_Complete_WhenVolumeReached_TestE10CreateTestEv
FN:457,457,_ZN7testing8internal15TestFactoryImplI57InfusionModeTest_ModeSwitch_ConstantToRamp_NoRestart_TestE10CreateTestEv
FN:457,457,_ZN7testing8internal15TestFactoryImplI57InfusionModeTest_ModeSwitch_RampToConstant_NoRestart_TestE10CreateTestEv
FN:457,457,_ZN7testing8internal15TestFactoryImplI57OcclusionMonitorTest_PressureAtThreshold_RaisesAlarm_TestE10CreateTestEv
FN:457,457,_ZN7testing8internal15TestFactoryImplI59InfusionModeTest_Tick_AccumulatesTimeAndFiresStepPulse_TestE10CreateTestEv
FN:457,457,_ZN7testing8internal15TestFactoryImplI59InfusionModeTest_Tick_WhenIntervalIsZero_SkipsStepping_TestE10CreateTestEv
FN:457,457,_ZN7testing8internal15TestFactoryImplI60OcclusionMonitorTest_PressureAboveThreshold_RaisesAlarm_TestE10CreateTestEv
FN:457,457,_ZN7testing8internal15TestFactoryImplI60OcclusionMonitorTest_ResetBaseline_ClearsOcclusionState_TestE10CreateTestEv
FN:457,457,_ZN7testing8internal15TestFactoryImplI62InfusionModeTest_Ramp_ComputeRate_AtEnd_ReturnsTargetRate_TestE10CreateTestEv
FN:457,457,_ZN7testing8internal15TestFactoryImplI62InfusionModeTest_Ramp_RampComplete_True_AfterFullDuration_TestE10CreateTestEv
FN:457,457,_ZN7testing8internal15TestFactoryImplI62InfusionModeTest_Run_BranchCoverage_NotRunningButComplete_TestE10CreateTestEv
FN:457,457,_ZN7testing8internal15TestFactoryImplI63InfusionModeTest_Ramp_ComputeRate_AtStart_ReturnsStartRate_TestE10CreateTestEv
FN:457,457,_ZN7testing8internal15TestFactoryImplI63InfusionModeTest_Ramp_ComputeRate_BeyondEnd_ClampsToTarget_TestE10CreateTestEv
FN:457,457,_ZN7testing8internal15TestFactoryImplI63OcclusionMonitorTest_AlarmRaised_Idempotent_NoDoubleNotify_TestE10CreateTestEv
FN:457,457,_ZN7testing8internal15TestFactoryImplI64InfusionModeTest_ApplyRate_BranchCoverage_NominalNoClamping_TestE10CreateTestEv
FN:457,457,_ZN7testing8internal15TestFactoryImplI64InfusionModeTest_Constant_ComputeRate_ReturnsConfiguredRate_TestE10CreateTestEv
FN:457,457,_ZN7testing8internal15TestFactoryImplI64InfusionModeTest_Ramp_BranchCoverage_ZeroDurationExplicitly_TestE10CreateTestEv
FN:457,457,_ZN7testing8internal15TestFactoryImplI64InfusionModeTest_Ramp_ComputeRate_AtMidpoint_ReturnsMidRate_TestE10CreateTestEv
FN:457,457,_ZN7testing8internal15TestFactoryImplI64InfusionModeTest_Ramp_CurrentRateGetter_ReturnsCorrectValue_TestE10CreateTestEv
FN:457,457,_ZN7testing8internal15TestFactoryImplI64InfusionModeTest_Ramp_ZeroDuration_ReturnsTargetImmediately_TestE10CreateTestEv
FN:457,457,_ZN7testing8internal15TestFactoryImplI66InfusionModeTest_Constant_FlowAccuracy_Within5Percent_At1mLhr_TestE10CreateTestEv
FN:457,457,_ZN7testing8internal15TestFactoryImplI66InfusionModeTest_Tick_BranchCoverage_ForcedRunningAndComplete_TestE10CreateTestEv
FN:457,457,_ZN7testing8internal15TestFactoryImplI66OcclusionMonitorTest_BranchCoverage_IntermediateObserverCount_TestE10CreateTestEv
FN:457,457,_ZN7testing8internal15TestFactoryImplI67InfusionModeTest_Ramp_AdvanceTime_WhenRampAlreadyComplete_NoOp_TestE10CreateTestEv
FN:457,457,_ZN7testing8internal15TestFactoryImplI67InfusionModeTest_Ramp_ComputeRate_AtQuarter_ReturnsQuarterRate_TestE10CreateTestEv
FN:457,457,_ZN7testing8internal15TestFactoryImplI67InfusionModeTest_Run_WhenCompleteButForcedRunning_ReturnsEarly_TestE10CreateTestEv
FN:457,457,_ZN7testing8internal15TestFactoryImplI68InfusionModeTest_Constant_FlowAccuracy_Within5Percent_At120mLhr_TestE10CreateTestEv
FN:457,457,_ZN7testing8internal15TestFactoryImplI68InfusionModeTest_Constant_FlowAccuracy_Within5Percent_At500mLhr_TestE10CreateTestEv
FN:457,457,_ZN7testing8internal15TestFactoryImplI70InfusionModeTest_ApplyRate_BranchCoverage_StrictlyLessThanMinRate_TestE10CreateTestEv
FN:457,457,_ZN7testing8internal15TestFactoryImplI73InfusionModeTest_ApplyRate_BranchCoverage_StrictlyGreaterThanMaxRate_TestE10CreateTestEv
FN:457,457,_ZN7testing8internal15TestFactoryImplI73OcclusionMonitorTest_BranchCoverage_HighPressureWhileAlreadyOccluded_TestE10CreateTestEv
FN:478,479,_ZN7testing8internal12CodeLocationC2ERKNSt7__cxx1112basic_stringIcSt11char_traitsIcESaIcEEEi
FN:491,494,_ZN7testing8internal19GetNotDefaultOrNullEPFvvES2_
FN:506,525,_ZN7testing8internal16SuiteApiResolverI16InfusionModeTestE19GetSetUpCaseOrSuiteEPKci
FN:506,525,_ZN7testing8internal16SuiteApiResolverI20OcclusionMonitorTestE19GetSetUpCaseOrSuiteEPKci
FN:506,525,_ZN7testing8internal16SuiteApiResolverINS_4TestEE19GetSetUpCaseOrSuiteEPKci
FN:527,546,_ZN7testing8internal16SuiteApiResolverI16InfusionModeTestE22GetTearDownCaseOrSuiteEPKci
FN:527,546,_ZN7testing8internal16SuiteApiResolverI20OcclusionMonitorTestE22GetTearDownCaseOrSuiteEPKci
FN:527,546,_ZN7testing8internal16SuiteApiResolverINS_4TestEE22GetTearDownCaseOrSuiteEPKci
FNDA:30,_ZN7testing8internal13FloatingPointIfEC2ERKf
FNDA:30,_ZNK7testing8internal13FloatingPointIfE13exponent_bitsEv
FNDA:0,_ZNK7testing8internal13FloatingPointIfE13fraction_bitsEv
FNDA:30,_ZNK7testing8internal13FloatingPointIfE6is_nanEv
FNDA:15,_ZNK7testing8internal13FloatingPointIfE12AlmostEqualsERKS2_
FNDA:30,_ZN7testing8internal13FloatingPointIfE24SignAndMagnitudeToBiasedERKj
FNDA:15,_ZN7testing8internal13FloatingPointIfE38DistanceBetweenSignAndMagnitudeNumbersERKjS4_
FNDA:3675,_ZN7testing8internal9GetTypeIdI16InfusionModeTestEEPKvv
FNDA:1200,_ZN7testing8internal9GetTypeIdI20OcclusionMonitorTestEEPKvv
FNDA:0,_ZN7testing8internal15TestFactoryBaseD0Ev
FNDA:5550,_ZN7testing8internal15TestFactoryBaseD2Ev
FNDA:5550,_ZN7testing8internal15TestFactoryBaseC2Ev
FNDA:1,_ZN7testing8internal15TestFactoryImplI32VolumeTracker_OneTick_OneUL_TestE10CreateTestEv
FNDA:1,_ZN7testing8internal15TestFactoryImplI34VolumeTracker_Initial_AllZero_TestE10CreateTestEv
FNDA:1,_ZN7testing8internal15TestFactoryImplI34VolumeTracker_Reset_ClearsAll_TestE10CreateTestEv
FNDA:1,_ZN7testing8internal15TestFactoryImplI37VolumeTracker_ZeroTicks_NoChange_TestE10CreateTestEv
FNDA:1,_ZN7testing8internal15TestFactoryImplI38VolumeTracker_ResetThenAccumulate_TestE10CreateTestEv
FNDA:1,_ZN7testing8internal15TestFactoryImplI40VolumeTracker_MaxRate_500mLhr_60min_TestE10CreateTestEv
FNDA:1,_ZN7testing8internal15TestFactoryImplI41VolumeTracker_LargeAccumulation_10mL_TestE10CreateTestEv
FNDA:1,_ZN7testing8internal15TestFactoryImplI42OcclusionMonitorTest_Register_Success_TestE10CreateTestEv
FNDA:1,_ZN7testing8internal15TestFactoryImplI42VolumeTracker_BulkTicks_CorrectVolume_TestE10CreateTestEv
FNDA:1,_ZN7testing8internal15TestFactoryImplI43VolumeTracker_MultipleCalls_Cumulative_TestE10CreateTestEv
FNDA:1,_ZN7testing8internal15TestFactoryImplI45OcclusionMonitorTest_Register_Null_Fails_TestE10CreateTestEv
FNDA:1,_ZN7testing8internal15TestFactoryImplI46InfusionModeTest_Constant_Start_IsRunning_TestE10CreateTestEv
FNDA:1,_ZN7testing8internal15TestFactoryImplI46InfusionModeTest_Constant_Stop_NotRunning_TestE10CreateTestEv
FNDA:1,_ZN7testing8internal15TestFactoryImplI47InfusionModeTest_Constant_Pause_NotRunning_TestE10CreateTestEv
FNDA:1,_ZN7testing8internal15TestFactoryImplI47InfusionModeTest_Constant_Resume_IsRunning_TestE10CreateTestEv
FNDA:1,_ZN7testing8internal15TestFactoryImplI47InfusionModeTest_Ramp_StartRate_Accessible_TestE10CreateTestEv
FNDA:1,_ZN7testing8internal15TestFactoryImplI47OcclusionMonitorTest_SensorNotReady_NoPoll_TestE10CreateTestEv
FNDA:1,_ZN7testing8internal15TestFactoryImplI48InfusionModeTest_Constant_ComputeRate_1mLhr_TestE10CreateTestEv
FNDA:1,_ZN7testing8internal15TestFactoryImplI48InfusionModeTest_Ramp_TargetRate_Accessible_TestE10CreateTestEv
FNDA:1,_ZN7testing8internal15TestFactoryImplI48OcclusionMonitorTest_DefaultThreshold_50HPa_TestE10CreateTestEv
FNDA:1,_ZN7testing8internal15TestFactoryImplI50InfusionModeTest_Constant_ComputeRate_500mLhr_TestE10CreateTestEv
FNDA:1,_ZN7testing8internal15TestFactoryImplI50InfusionModeTest_ModeSwitch_NullMode_NoChange_TestE10CreateTestEv
FNDA:1,_ZN7testing8internal15TestFactoryImplI50OcclusionMonitorTest_Register_TableFull_Fails_TestE10CreateTestEv
FNDA:1,_ZN7testing8internal15TestFactoryImplI51InfusionModeTest_Constant_StepInterval_At1mLhr_TestE10CreateTestEv
FNDA:1,_ZN7testing8internal15TestFactoryImplI51OcclusionMonitorTest_PressureDrops_ClearsAlarm_TestE10CreateTestEv
FNDA:1,_ZN7testing8internal15TestFactoryImplI51OcclusionMonitorTest_TwoObservers_BothNotified_TestE10CreateTestEv
FNDA:1,_ZN7testing8internal15TestFactoryImplI52InfusionModeTest_Ramp_ResetRamp_GoesBackToStart_TestE10CreateTestEv
FNDA:1,_ZN7testing8internal15TestFactoryImplI52OcclusionMonitorTest_FirstPoll_CapturesBaseline_TestE10CreateTestEv
FNDA:1,_ZN7testing8internal15TestFactoryImplI53InfusionModeTest_Constant_StepInterval_At120mLhr_TestE10CreateTestEv
FNDA:1,_ZN7testing8internal15TestFactoryImplI53InfusionModeTest_Constant_StepInterval_At500mLhr_TestE10CreateTestEv
FNDA:1,_ZN7testing8internal15TestFactoryImplI54InfusionModeTest_Constant_InitialState_NotRunning_TestE10CreateTestEv
FNDA:1,_ZN7testing8internal15TestFactoryImplI54InfusionModeTest_Constant_Occlusion_StopsInfusion_TestE10CreateTestEv
FNDA:1,_ZN7testing8internal15TestFactoryImplI54InfusionModeTest_Constant_RateBelowMin_ClampedTo1_TestE10CreateTestEv
FNDA:1,_ZN7testing8internal15TestFactoryImplI54InfusionModeTest_Ramp_ElapsedUs_AdvancesCorrectly_TestE10CreateTestEv
FNDA:1,_ZN7testing8internal15TestFactoryImplI54InfusionModeTest_Ramp_ElapsedUs_ClampedAtDuration_TestE10CreateTestEv
FNDA:1,_ZN7testing8internal15TestFactoryImplI54InfusionModeTest_Tick_WhenNotRunning_ReturnsEarly_TestE10CreateTestEv
FNDA:1,_ZN7testing8internal15TestFactoryImplI55InfusionModeTest_Constant_RunWhileStopped_NoEffect_TestE10CreateTestEv
FNDA:1,_ZN7testing8internal15TestFactoryImplI55InfusionModeTest_Ramp_RampComplete_False_Initially_TestE10CreateTestEv
FNDA:1,_ZN7testing8internal15TestFactoryImplI56InfusionModeTest_Constant_GetRate_ReturnsConfigured_TestE10CreateTestEv
FNDA:1,_ZN7testing8internal15TestFactoryImplI56InfusionModeTest_Constant_RateAboveMax_ClampedTo500_TestE10CreateTestEv
FNDA:1,_ZN7testing8internal15TestFactoryImplI56InfusionModeTest_Constant_SetRate_UpdatesOnNextCall_TestE10CreateTestEv
FNDA:1,_ZN7testing8internal15TestFactoryImplI56OcclusionMonitorTest_LastPressure_UpdatedOnEachPoll_TestE10CreateTestEv
FNDA:1,_ZN7testing8internal15TestFactoryImplI56OcclusionMonitorTest_PressureBelowThreshold_NoAlarm_TestE10CreateTestEv
FNDA:1,_ZN7testing8internal15TestFactoryImplI57InfusionModeTest_Constant_Complete_WhenVolumeReached_TestE10CreateTestEv
FNDA:1,_ZN7testing8internal15TestFactoryImplI57InfusionModeTest_ModeSwitch_ConstantToRamp_NoRestart_TestE10CreateTestEv
FNDA:1,_ZN7testing8internal15TestFactoryImplI57InfusionModeTest_ModeSwitch_RampToConstant_NoRestart_TestE10CreateTestEv
FNDA:1,_ZN7testing8internal15TestFactoryImplI57OcclusionMonitorTest_PressureAtThreshold_RaisesAlarm_TestE10CreateTestEv
FNDA:1,_ZN7testing8internal15TestFactoryImplI59InfusionModeTest_Tick_AccumulatesTimeAndFiresStepPulse_TestE10CreateTestEv
FNDA:1,_ZN7testing8internal15TestFactoryImplI59InfusionModeTest_Tick_WhenIntervalIsZero_SkipsStepping_TestE10CreateTestEv
FNDA:1,_ZN7testing8internal15TestFactoryImplI60OcclusionMonitorTest_PressureAboveThreshold_RaisesAlarm_TestE10CreateTestEv
FNDA:1,_ZN7testing8internal15TestFactoryImplI60OcclusionMonitorTest_ResetBaseline_ClearsOcclusionState_TestE10CreateTestEv
FNDA:1,_ZN7testing8internal15TestFactoryImplI62InfusionModeTest_Ramp_ComputeRate_AtEnd_ReturnsTargetRate_TestE10CreateTestEv
FNDA:1,_ZN7testing8internal15TestFactoryImplI62InfusionModeTest_Ramp_RampComplete_True_AfterFullDuration_TestE10CreateTestEv
FNDA:1,_ZN7testing8internal15TestFactoryImplI62InfusionModeTest_Run_BranchCoverage_NotRunningButComplete_TestE10CreateTestEv
FNDA:1,_ZN7testing8internal15TestFactoryImplI63InfusionModeTest_Ramp_ComputeRate_AtStart_ReturnsStartRate_TestE10CreateTestEv
FNDA:1,_ZN7testing8internal15TestFactoryImplI63InfusionModeTest_Ramp_ComputeRate_BeyondEnd_ClampsToTarget_TestE10CreateTestEv
FNDA:1,_ZN7testing8internal15TestFactoryImplI63OcclusionMonitorTest_AlarmRaised_Idempotent_NoDoubleNotify_TestE10CreateTestEv
FNDA:1,_ZN7testing8internal15TestFactoryImplI64InfusionModeTest_ApplyRate_BranchCoverage_NominalNoClamping_TestE10CreateTestEv
FNDA:1,_ZN7testing8internal15TestFactoryImplI64InfusionModeTest_Constant_ComputeRate_ReturnsConfiguredRate_TestE10CreateTestEv
FNDA:1,_ZN7testing8internal15TestFactoryImplI64InfusionModeTest_Ramp_BranchCoverage_ZeroDurationExplicitly_TestE10CreateTestEv
FNDA:1,_ZN7testing8internal15TestFactoryImplI64InfusionModeTest_Ramp_ComputeRate_AtMidpoint_ReturnsMidRate_TestE10CreateTestEv
FNDA:1,_ZN7testing8internal15TestFactoryImplI64InfusionModeTest_Ramp_CurrentRateGetter_ReturnsCorrectValue_TestE10CreateTestEv
FNDA:1,_ZN7testing8internal15TestFactoryImplI64InfusionModeTest_Ramp_ZeroDuration_ReturnsTargetImmediately_TestE10CreateTestEv
FNDA:1,_ZN7testing8internal15TestFactoryImplI66InfusionModeTest_Constant_FlowAccuracy_Within5Percent_At1mLhr_TestE10CreateTestEv
FNDA:1,_ZN7testing8internal15TestFactoryImplI66InfusionModeTest_Tick_BranchCoverage_ForcedRunningAndComplete_TestE10CreateTestEv
FNDA:1,_ZN7testing8internal15TestFactoryImplI66OcclusionMonitorTest_BranchCoverage_IntermediateObserverCount_TestE10CreateTestEv
FNDA:1,_ZN7testing8internal15TestFactoryImplI67InfusionModeTest_Ramp_AdvanceTime_WhenRampAlreadyComplete_NoOp_TestE10CreateTestEv
FNDA:1,_ZN7testing8internal15TestFactoryImplI67InfusionModeTest_Ramp_ComputeRate_AtQuarter_ReturnsQuarterRate_TestE10CreateTestEv
FNDA:1,_ZN7testing8internal15TestFactoryImplI67InfusionModeTest_Run_WhenCompleteButForcedRunning_ReturnsEarly_TestE10CreateTestEv
FNDA:1,_ZN7testing8internal15TestFactoryImplI68InfusionModeTest_Constant_FlowAccuracy_Within5Percent_At120mLhr_TestE10CreateTestEv
FNDA:1,_ZN7testing8internal15TestFactoryImplI68InfusionModeTest_Constant_FlowAccuracy_Within5Percent_At500mLhr_TestE10CreateTestEv
FNDA:1,_ZN7testing8internal15TestFactoryImplI70InfusionModeTest_ApplyRate_BranchCoverage_StrictlyLessThanMinRate_TestE10CreateTestEv
FNDA:1,_ZN7testing8internal15TestFactoryImplI73InfusionModeTest_ApplyRate_BranchCoverage_StrictlyGreaterThanMaxRate_TestE10CreateTestEv
FNDA:1,_ZN7testing8internal15TestFactoryImplI73OcclusionMonitorTest_BranchCoverage_HighPressureWhileAlreadyOccluded_TestE10CreateTestEv
FNDA:5550,_ZN7testing8internal12CodeLocationC2ERKNSt7__cxx1112basic_stringIcSt11char_traitsIcESaIcEEEi
FNDA:22200,_ZN7testing8internal19GetNotDefaultOrNullEPFvvES2_
FNDA:3675,_ZN7testing8internal16SuiteApiResolverI16InfusionModeTestE19GetSetUpCaseOrSuiteEPKci
FNDA:1200,_ZN7testing8internal16SuiteApiResolverI20OcclusionMonitorTestE19GetSetUpCaseOrSuiteEPKci
FNDA:675,_ZN7testing8internal16SuiteApiResolverINS_4TestEE19GetSetUpCaseOrSuiteEPKci
FNDA:3675,_ZN7testing8internal16SuiteApiResolverI16InfusionModeTestE22GetTearDownCaseOrSuiteEPKci
FNDA:1200,_ZN7testing8internal16SuiteApiResolverI20OcclusionMonitorTestE22GetTearDownCaseOrSuiteEPKci
FNDA:675,_ZN7testing8internal16SuiteApiResolverINS_4TestEE22GetTearDownCaseOrSuiteEPKci
FNF:94
FNH:92
BRDA:328,0,0,0
BRDA:328,0,1,30
BRDA:328,0,2,0
BRDA:328,0,3,0
BRDA:340,0,0,15
BRDA:340,0,1,0
BRDA:340,0,2,0
BRDA:340,0,3,15
BRDA:340,0,4,0
BRDA:340,0,5,15
BRDA:369,0,0,0
BRDA:369,0,1,30
BRDA:384,0,0,15
BRDA:384,0,1,0
BRDA:457,0,0,74
BRDA:457,e0,1,0
BRDA:457,0,2,0
BRDA:457,0,3,0
BRDA:493,0,0,0
BRDA:493,0,1,22200
BRDA:514,0,0,0
BRDA:514,0,1,5550
BRDA:514,0,2,0
BRDA:514,0,3,0
BRDA:514,0,4,0
BRDA:514,0,5,5550
BRDA:514,0,6,0
BRDA:514,e0,7,0
BRDA:517,0,0,-
BRDA:517,e0,1,-
BRDA:517,0,2,-
BRDA:517,e0,3,-
BRDA:517,0,4,-
BRDA:517,e0,5,-
BRDA:517,0,6,-
BRDA:517,e0,7,-
BRDA:517,0,8,-
BRDA:517,e0,9,-
BRDA:519,0,0,0
BRDA:519,0,1,5550
BRDA:535,0,0,0
BRDA:535,0,1,5550
BRDA:535,0,2,0
BRDA:535,0,3,0
BRDA:535,0,4,0
BRDA:535,0,5,5550
BRDA:535,0,6,0
BRDA:535,e0,7,0
BRDA:538,0,0,-
BRDA:538,e0,1,-
BRDA:538,0,2,-
BRDA:538,e0,3,-
BRDA:538,0,4,-
BRDA:538,e0,5,-
BRDA:538,0,6,-
BRDA:538,e0,7,-
BRDA:538,0,8,-
BRDA:538,e0,9,-
BRDA:540,0,0,0
BRDA:540,0,1,5550
BRF:60
BRH:14
DA:294,30
DA:316,30
DA:319,0
DA:325,30
DA:328,30
DA:337,15
DA:340,15
DA:342,15
DA:343,15
DA:368,30
DA:369,30
DA:371,0
DA:374,30
DA:380,15
DA:382,15
DA:383,15
DA:384,15
DA:419,4875
DA:424,4875
DA:438,5550
DA:445,5550
DA:457,74
DA:478,5550
DA:479,5550
DA:491,22200
DA:493,22200
DA:506,5550
DA:510,5550
DA:512,5550
DA:514,5550
DA:517,0
DA:519,5550
DA:527,5550
DA:531,5550
DA:533,5550
DA:535,5550
DA:538,0
DA:540,5550
LF:38
LH:34
end_of_record
TN:
SF:/usr/include/gtest/internal/gtest-port.h
FN:1042,1042,_ZN7testing8internal8GTestLog9GetStreamEv
FNDA:0,_ZN7testing8internal8GTestLog9GetStreamEv
FNF:1
FNH:0
DA:1042,0
LF:1
LH:0
end_of_record
TN:
SF:/usr/include/x86_64-linux-gnu/c++/13/bits/c++config.h
FN:540,551,_ZSt23__is_constant_evaluatedv
FNDA:179586,_ZSt23__is_constant_evaluatedv
FNF:1
FNH:1
DA:540,179586
DA:547,179586
LF:2
LH:2
end_of_record
