TN:
SF:/home/krishna-inc-5836/Downloads/Task_2/Code/infusion_pump/include/infusion/InfusionMode.hpp
FN:71,71,_ZN12InfusionMode13onCheckAlarmsEv
FNDA:23,_ZN12InfusionMode13onCheckAlarmsEv
FNF:1
FNH:1
DA:71,23
LF:1
LH:1
end_of_record
TN:
SF:/home/krishna-inc-5836/Downloads/Task_2/Code/infusion_pump/src/ConstantRateMode.cpp
FN:17,19,_ZN16ConstantRateMode17computeTargetRateEv
FN:22,24,_ZN16ConstantRateMode7setRateEf
FN:26,28,_ZNK16ConstantRateMode7getRateEv
FN:4,12,_ZN16ConstantRateModeC2ER14IStepperDriverR14IEncoderDriverR13VolumeTrackerR16OcclusionMonitorjf
FNDA:26,_ZN16ConstantRateMode17computeTargetRateEv
FNDA:1,_ZN16ConstantRateMode7setRateEf
FNDA:2,_ZNK16ConstantRateMode7getRateEv
FNDA:34,_ZN16ConstantRateModeC2ER14IStepperDriverR14IEncoderDriverR13VolumeTrackerR16OcclusionMonitorjf
FNF:4
FNH:4
DA:4,34
DA:9,34
DA:11,34
DA:12,34
DA:17,26
DA:18,26
DA:22,1
DA:23,1
DA:24,1
DA:26,2
DA:27,2
LF:11
LH:11
end_of_record
TN:
SF:/home/krishna-inc-5836/Downloads/Task_2/Code/infusion_pump/src/InfusionMode.cpp
FN:105,109,_ZN12InfusionMode5pauseEv
FN:111,115,_ZN12InfusionMode6resumeEv
FN:12,23,_ZN12InfusionModeC2ER14IStepperDriverR14IEncoderDriverR13VolumeTrackerR16OcclusionMonitorj
FN:121,125,_ZN12InfusionMode10switchModeEPS_
FN:128,128,_ZNK12InfusionMode9isRunningEv
FN:129,129,_ZNK12InfusionMode10isCompleteEv
FN:130,130,_ZNK12InfusionMode14stepIntervalUsEv
FN:135,143,_ZN12InfusionMode9applyRateEf
FN:148,164,_ZN12InfusionMode11checkAlarmsEv
FN:169,169,_ZN12InfusionMode11advanceTimeEj
FN:29,47,_ZN12InfusionMode3runEv
FN:62,83,_ZN12InfusionMode4tickEv
FN:86,97,_ZN12InfusionMode5startEv
FN:99,103,_ZN12InfusionMode4stopEv
FNDA:2,_ZN12InfusionMode5pauseEv
FNDA:3,_ZN12InfusionMode6resumeEv
FNDA:52,_ZN12InfusionModeC2ER14IStepperDriverR14IEncoderDriverR13VolumeTrackerR16OcclusionMonitorj
FNDA:3,_ZN12InfusionMode10switchModeEPS_
FNDA:14,_ZNK12InfusionMode9isRunningEv
FNDA:7,_ZNK12InfusionMode10isCompleteEv
FNDA:16,_ZNK12InfusionMode14stepIntervalUsEv
FNDA:23,_ZN12InfusionMode9applyRateEf
FNDA:23,_ZN12InfusionMode11checkAlarmsEv
FNDA:229,_ZN12InfusionMode11advanceTimeEj
FNDA:26,_ZN12InfusionMode3runEv
FNDA:231,_ZN12InfusionMode4tickEv
FNDA:29,_ZN12InfusionMode5startEv
FNDA:3,_ZN12InfusionMode4stopEv
FNF:14
FNH:14
BRDA:63,0,0,230
BRDA:63,0,1,1
BRDA:63,0,2,1
BRDA:63,0,3,229
BRDA:68,0,0,101
BRDA:68,0,1,128
BRDA:74,0,0,228
BRDA:74,0,1,1
BRDA:76,0,0,1
BRDA:76,0,1,227
BRDA:122,0,0,2
BRDA:122,0,1,1
BRDA:136,0,0,1
BRDA:136,0,1,22
BRDA:140,0,0,2
BRDA:140,0,1,20
BRDA:141,0,0,2
BRDA:141,0,1,20
BRDA:150,0,0,3
BRDA:150,0,1,20
BRDA:157,0,0,1
BRDA:157,0,1,22
BRF:22
BRH:22
DA:12,52
DA:16,52
DA:17,52
DA:18,52
DA:19,52
DA:20,52
DA:21,52
DA:22,52
DA:23,52
DA:29,26
DA:30,26
DA:40,23
DA:43,23
DA:46,23
DA:62,231
DA:63,231
DA:65,229
DA:66,229
DA:68,229
DA:69,101
DA:71,128
DA:74,229
DA:75,228
DA:76,228
DA:77,1
DA:78,1
DA:82,229
DA:86,29
DA:88,29
DA:89,29
DA:90,29
DA:91,29
DA:92,29
DA:93,29
DA:94,29
DA:95,29
DA:96,29
DA:97,29
DA:99,3
DA:101,3
DA:102,3
DA:103,3
DA:105,2
DA:107,2
DA:108,2
DA:109,2
DA:111,3
DA:113,3
DA:114,3
DA:115,3
DA:121,3
DA:122,3
DA:123,2
DA:125,3
DA:128,14
DA:129,7
DA:130,16
DA:135,23
DA:136,23
DA:137,1
DA:138,1
DA:140,22
DA:141,22
DA:142,22
DA:148,23
DA:150,23
DA:151,3
DA:152,3
DA:153,3
DA:157,23
DA:158,1
DA:159,1
DA:163,23
DA:164,23
DA:169,229
LF:75
LH:75
end_of_record
TN:
SF:/home/krishna-inc-5836/Downloads/Task_2/Code/infusion_pump/src/LinearRampMode.cpp
FN:27,40,_ZN14LinearRampMode17computeTargetRateEv
FN:4,17,_ZN14LinearRampModeC2ER14IStepperDriverR14IEncoderDriverR13VolumeTrackerR16OcclusionMonitorjffj
FN:46,53,_ZN14LinearRampMode11advanceTimeEj
FN:56,59,_ZN14LinearRampMode9resetRampEv
FN:61,61,_ZNK14LinearRampMode11currentRateEv
FN:62,62,_ZNK14LinearRampMode9startRateEv
FN:63,63,_ZNK14LinearRampMode10targetRateEv
FN:64,64,_ZNK14LinearRampMode12rampCompleteEv
FN:65,65,_ZNK14LinearRampMode9elapsedUsEv
FN:67,69,_ZN14LinearRampMode9advanceUsEj
FNDA:10,_ZN14LinearRampMode17computeTargetRateEv
FNDA:18,_ZN14LinearRampModeC2ER14IStepperDriverR14IEncoderDriverR13VolumeTrackerR16OcclusionMonitorjffj
FNDA:11,_ZN14LinearRampMode11advanceTimeEj
FNDA:1,_ZN14LinearRampMode9resetRampEv
FNDA:1,_ZNK14LinearRampMode11currentRateEv
FNDA:1,_ZNK14LinearRampMode9startRateEv
FNDA:1,_ZNK14LinearRampMode10targetRateEv
FNDA:2,_ZNK14LinearRampMode12rampCompleteEv
FNDA:4,_ZNK14LinearRampMode9elapsedUsEv
FNDA:11,_ZN14LinearRampMode9advanceUsEj
FNF:10
FNH:10
BRDA:28,0,0,8
BRDA:28,0,1,2
BRDA:28,0,2,3
BRDA:28,0,3,5
BRDA:47,0,0,10
BRDA:47,0,1,1
BRDA:49,0,0,2
BRDA:49,0,1,8
BRF:8
BRH:8
DA:4,18
DA:11,18
DA:13,18
DA:14,18
DA:15,18
DA:16,18
DA:17,18
DA:27,10
DA:28,10
DA:29,5
DA:30,5
DA:33,5
DA:34,5
DA:36,5
DA:37,5
DA:39,5
DA:46,11
DA:47,11
DA:48,10
DA:49,10
DA:50,2
DA:53,11
DA:56,1
DA:57,1
DA:58,1
DA:59,1
DA:61,1
DA:62,1
DA:63,1
DA:64,2
DA:65,4
DA:67,11
DA:68,11
DA:69,11
LF:34
LH:34
end_of_record
TN:
SF:/home/krishna-inc-5836/Downloads/Task_2/Code/infusion_pump/src/OcclusionMonitor.cpp
FN:13,19,_ZN16OcclusionMonitor16registerObserverEP14IAlarmObserver
FN:28,49,_ZN16OcclusionMonitor4pollEv
FN:4,10,_ZN16OcclusionMonitorC2ER15IPressureSensorj
FN:52,56,_ZN16OcclusionMonitor13resetBaselineEv
FN:59,61,_ZNK16OcclusionMonitor10isOccludedEv
FN:63,65,_ZNK16OcclusionMonitor11baselineHPaEv
FN:67,69,_ZNK16OcclusionMonitor15lastPressureHPaEv
FN:71,73,_ZNK16OcclusionMonitor13observerCountEv
FN:76,81,_ZN16OcclusionMonitor10raiseAlarmEv
FN:83,88,_ZN16OcclusionMonitor10clearAlarmEv
FNDA:67,_ZN16OcclusionMonitor16registerObserverEP14IAlarmObserver
FNDA:80,_ZN16OcclusionMonitor4pollEv
FNDA:66,_ZN16OcclusionMonitorC2ER15IPressureSensorj
FNDA:30,_ZN16OcclusionMonitor13resetBaselineEv
FNDA:36,_ZNK16OcclusionMonitor10isOccludedEv
FNDA:3,_ZNK16OcclusionMonitor11baselineHPaEv
FNDA:2,_ZNK16OcclusionMonitor15lastPressureHPaEv
FNDA:4,_ZNK16OcclusionMonitor13observerCountEv
FNDA:10,_ZN16OcclusionMonitor10raiseAlarmEv
FNDA:1,_ZN16OcclusionMonitor10clearAlarmEv
FNF:10
FNH:10
BRDA:14,0,0,66
BRDA:14,0,1,1
BRDA:14,0,2,1
BRDA:14,0,3,65
BRDA:29,0,0,1
BRDA:29,0,1,79
BRDA:35,0,0,35
BRDA:35,0,1,44
BRDA:44,0,0,14
BRDA:44,0,1,30
BRDA:44,0,2,10
BRDA:44,0,3,4
BRDA:46,0,0,30
BRDA:46,0,1,4
BRDA:46,0,2,1
BRDA:46,0,3,29
BRDA:78,0,0,11
BRDA:78,0,1,10
BRDA:85,0,0,1
BRDA:85,0,1,1
BRF:20
BRH:20
DA:4,66
DA:5,66
DA:6,66
DA:7,66
DA:9,66
DA:10,66
DA:13,67
DA:14,67
DA:15,2
DA:17,65
DA:18,65
DA:28,80
DA:29,80
DA:30,1
DA:33,79
DA:35,79
DA:36,35
DA:37,35
DA:38,35
DA:41,44
DA:42,44
DA:44,44
DA:45,10
DA:46,34
DA:47,1
DA:52,30
DA:53,30
DA:54,30
DA:55,30
DA:56,30
DA:59,36
DA:60,36
DA:63,3
DA:64,3
DA:67,2
DA:68,2
DA:71,4
DA:72,4
DA:76,10
DA:77,10
DA:78,21
DA:79,11
DA:81,10
DA:83,1
DA:84,1
DA:85,2
DA:86,1
DA:88,1
LF:48
LH:48
end_of_record
TN:
SF:/home/krishna-inc-5836/Downloads/Task_2/Code/infusion_pump/src/VolumeTracker.cpp
FN:13,15,_ZNK13VolumeTracker8volumeULEv
FN:17,19,_ZNK13VolumeTracker9tickCountEv
FN:3,6,_ZN13VolumeTracker8addTicksEj
FN:8,11,_ZN13VolumeTracker5resetEv
FNDA:33,_ZNK13VolumeTracker8volumeULEv
FNDA:6,_ZNK13VolumeTracker9tickCountEv
FNDA:140,_ZN13VolumeTracker8addTicksEj
FNDA:80,_ZN13VolumeTracker5resetEv
FNF:4
FNH:4
DA:3,140
DA:4,140
DA:5,140
DA:6,140
DA:8,80
DA:9,80
DA:10,80
DA:11,80
DA:13,33
DA:14,33
DA:17,6
DA:18,6
LF:12
LH:12
end_of_record
